/scratch_net/vierzack03_second/geibell/software/opt/anaconda3/envs/snowicesat_env/lib/python3.6/site-packages/sklearn/externals/joblib/__init__.py:15: DeprecationWarning: sklearn.externals.joblib is deprecated in 0.21 and will be removed in 0.23. Please import this functionality directly from joblib, which can be installed with: pip install joblib. If this warning is raised when loading pickled models, you may need to re-serialize those models with scikit-learn 0.21+.
  warnings.warn(msg, category=DeprecationWarning)
PathOrderedDict()
Traceback (most recent call last):
  File "setup_gdirs_lea_cp.py", line 4, in <module>
    from snowicesat import tasks
  File "/scratch_net/vierzack03_third/geibell/snowicesat/snowicesat/tasks.py", line 10, in <module>
    from snowicesat.snow_mapping import asmag_snow_mapping, naegeli_improved_snow_mapping, naegeli_snow_mapping
  File "/scratch_net/vierzack03_third/geibell/snowicesat/snowicesat/snow_mapping.py", line 199
    except: IndexError:
                      ^
SyntaxError: invalid syntax
/scratch_net/vierzack03_second/geibell/software/opt/anaconda3/envs/snowicesat_env/lib/python3.6/site-packages/sklearn/externals/joblib/__init__.py:15: DeprecationWarning: sklearn.externals.joblib is deprecated in 0.21 and will be removed in 0.23. Please import this functionality directly from joblib, which can be installed with: pip install joblib. If this warning is raised when loading pickled models, you may need to re-serialize those models with scikit-learn 0.21+.
  warnings.warn(msg, category=DeprecationWarning)
2019-05-28 15:51:59: oggm.cfg: Using configuration file: /scratch_net/vierzack03_second/geibell/software/opt/anaconda3/envs/snowicesat_env/lib/python3.6/site-packages/oggm/params.cfg
2019-05-28 15:51:59: snowicesat.cfg: Parameter file: /scratch_net/vierzack03_third/geibell/snowicesat/snowicesat_params.cfg
2019-05-28 15:52:02: oggm.workflow: Execute entity task define_glacier_region_snowicesat on 668 glaciers
2019-05-28 15:52:02: snowicesat.preprocessing.create_gdirs: (RGI50-11.A10G05) define_glacier_region_snowicesat
2019-05-28 15:52:02: snowicesat.preprocessing.create_gdirs: (RGI50-11.A10G24n) define_glacier_region_snowicesat
2019-05-28 15:52:02: snowicesat.preprocessing.create_gdirs: (RGI50-11.A14P01) define_glacier_region_snowicesat
2019-05-28 15:52:02: snowicesat.preprocessing.create_gdirs: (RGI50-11.A15B05) define_glacier_region_snowicesat
2019-05-28 15:52:02: snowicesat.preprocessing.create_gdirs: (RGI50-11.A50H01) define_glacier_region_snowicesat
2019-05-28 15:52:02: snowicesat.preprocessing.create_gdirs: (RGI50-11.E5002) define_glacier_region_snowicesat
2019-05-28 15:52:02: snowicesat.preprocessing.create_gdirs: (RGI50-11.E5006) define_glacier_region_snowicesat
2019-05-28 15:52:02: snowicesat.preprocessing.create_gdirs: (RGI50-11.E5007) define_glacier_region_snowicesat
2019-05-28 15:52:02: snowicesat.preprocessing.create_gdirs: (RGI50-11.E5103) define_glacier_region_snowicesat
2019-05-28 15:52:02: snowicesat.preprocessing.create_gdirs: (RGI50-11.E5106) define_glacier_region_snowicesat
2019-05-28 15:52:02: snowicesat.preprocessing.create_gdirs: (RGI50-11.E5202) define_glacier_region_snowicesat
2019-05-28 15:52:02: snowicesat.preprocessing.create_gdirs: (RGI50-11.E5203) define_glacier_region_snowicesat
2019-05-28 15:52:02: snowicesat.preprocessing.create_gdirs: (RGI50-11.A54G04) define_glacier_region_snowicesat
2019-05-28 15:52:02: snowicesat.preprocessing.create_gdirs: (RGI50-11.A54G08) define_glacier_region_snowicesat
2019-05-28 15:52:02: snowicesat.preprocessing.create_gdirs: (RGI50-11.A54G10) define_glacier_region_snowicesat
2019-05-28 15:52:02: snowicesat.preprocessing.create_gdirs: (RGI50-11.A54G14) define_glacier_region_snowicesat
2019-05-28 15:52:02: snowicesat.preprocessing.create_gdirs: (RGI50-11.A54G16) define_glacier_region_snowicesat
2019-05-28 15:52:02: snowicesat.preprocessing.create_gdirs: (RGI50-11.A54G18) define_glacier_region_snowicesat
2019-05-28 15:52:02: snowicesat.preprocessing.create_gdirs: (RGI50-11.A54G52n) define_glacier_region_snowicesat
2019-05-28 15:52:02: snowicesat.preprocessing.create_gdirs: (RGI50-11.A54L11) define_glacier_region_snowicesat
2019-05-28 15:52:02: snowicesat.preprocessing.create_gdirs: (RGI50-11.A54L14) define_glacier_region_snowicesat
2019-05-28 15:52:02: snowicesat.preprocessing.create_gdirs: (RGI50-11.A54L28n) define_glacier_region_snowicesat
2019-05-28 15:52:02: snowicesat.preprocessing.create_gdirs: (RGI50-11.A54L31n) define_glacier_region_snowicesat
2019-05-28 15:52:02: snowicesat.preprocessing.create_gdirs: (RGI50-11.A54L32n) define_glacier_region_snowicesat
2019-05-28 15:52:02: snowicesat.preprocessing.create_gdirs: (RGI50-11.A54L35n) define_glacier_region_snowicesat
2019-05-28 15:52:02: snowicesat.preprocessing.create_gdirs: (RGI50-11.A54L36n) define_glacier_region_snowicesat
2019-05-28 15:52:02: snowicesat.preprocessing.create_gdirs: (RGI50-11.A54L38n) define_glacier_region_snowicesat
2019-05-28 15:52:02: snowicesat.preprocessing.create_gdirs: (RGI50-11.A54M05) define_glacier_region_snowicesat
2019-05-28 15:52:02: snowicesat.preprocessing.create_gdirs: (RGI50-11.A54M07) define_glacier_region_snowicesat
2019-05-28 15:52:02: snowicesat.preprocessing.create_gdirs: (RGI50-11.A54M10) define_glacier_region_snowicesat
2019-05-28 15:52:02: snowicesat.preprocessing.create_gdirs: (RGI50-11.A54M12) define_glacier_region_snowicesat
2019-05-28 15:52:02: snowicesat.preprocessing.create_gdirs: (RGI50-11.A54M13) define_glacier_region_snowicesat
2019-05-28 15:52:02: snowicesat.preprocessing.create_gdirs: (RGI50-11.A54M16) define_glacier_region_snowicesat
2019-05-28 15:52:02: snowicesat.preprocessing.create_gdirs: (RGI50-11.A54M17) define_glacier_region_snowicesat
2019-05-28 15:52:02: snowicesat.preprocessing.create_gdirs: (RGI50-11.A54M18) define_glacier_region_snowicesat
2019-05-28 15:52:02: snowicesat.preprocessing.create_gdirs: (RGI50-11.A54M19) define_glacier_region_snowicesat
2019-05-28 15:52:02: snowicesat.preprocessing.create_gdirs: (RGI50-11.A54M21) define_glacier_region_snowicesat
2019-05-28 15:52:02: snowicesat.preprocessing.create_gdirs: (RGI50-11.A54M22) define_glacier_region_snowicesat
2019-05-28 15:52:02: snowicesat.preprocessing.create_gdirs: (RGI50-11.A54M27n) define_glacier_region_snowicesat
2019-05-28 15:52:02: snowicesat.preprocessing.create_gdirs: (RGI50-11.A54M41n) define_glacier_region_snowicesat
2019-05-28 15:52:02: snowicesat.preprocessing.create_gdirs: (RGI50-11.A54M45n) define_glacier_region_snowicesat
2019-05-28 15:52:02: snowicesat.preprocessing.create_gdirs: (RGI50-11.A55A03) define_glacier_region_snowicesat
2019-05-28 15:52:02: snowicesat.preprocessing.create_gdirs: (RGI50-11.A55A04) define_glacier_region_snowicesat
2019-05-28 15:52:02: snowicesat.preprocessing.create_gdirs: (RGI50-11.A55A06) define_glacier_region_snowicesat
2019-05-28 15:52:02: snowicesat.preprocessing.create_gdirs: (RGI50-11.A55B02) define_glacier_region_snowicesat
2019-05-28 15:52:03: snowicesat.preprocessing.create_gdirs: (RGI50-11.A55B07) define_glacier_region_snowicesat
2019-05-28 15:52:03: snowicesat.preprocessing.create_gdirs: (RGI50-11.A55B10) define_glacier_region_snowicesat
2019-05-28 15:52:03: snowicesat.preprocessing.create_gdirs: (RGI50-11.A55B11) define_glacier_region_snowicesat
2019-05-28 15:52:03: snowicesat.preprocessing.create_gdirs: (RGI50-11.A55B12) define_glacier_region_snowicesat
2019-05-28 15:52:03: snowicesat.preprocessing.create_gdirs: (RGI50-11.A55B13) define_glacier_region_snowicesat
2019-05-28 15:52:03: snowicesat.preprocessing.create_gdirs: (RGI50-11.A55B25n) define_glacier_region_snowicesat
2019-05-28 15:52:03: snowicesat.preprocessing.create_gdirs: (RGI50-11.A55B27n) define_glacier_region_snowicesat
2019-05-28 15:52:03: snowicesat.preprocessing.create_gdirs: (RGI50-11.A55B28n) define_glacier_region_snowicesat
2019-05-28 15:52:03: snowicesat.preprocessing.create_gdirs: (RGI50-11.A55B30n) define_glacier_region_snowicesat
2019-05-28 15:52:03: snowicesat.preprocessing.create_gdirs: (RGI50-11.B3005) define_glacier_region_snowicesat
2019-05-28 15:52:03: snowicesat.preprocessing.create_gdirs: (RGI50-11.B3012n) define_glacier_region_snowicesat
2019-05-28 15:52:03: snowicesat.preprocessing.create_gdirs: (RGI50-11.B3015n) define_glacier_region_snowicesat
2019-05-28 15:52:03: snowicesat.preprocessing.create_gdirs: (RGI50-11.B3016n) define_glacier_region_snowicesat
2019-05-28 15:52:03: snowicesat.preprocessing.create_gdirs: (RGI50-11.B3018n) define_glacier_region_snowicesat
2019-05-28 15:52:03: snowicesat.preprocessing.create_gdirs: (RGI50-11.B3019n) define_glacier_region_snowicesat
2019-05-28 15:52:03: snowicesat.preprocessing.create_gdirs: (RGI50-11.B3022n) define_glacier_region_snowicesat
2019-05-28 15:52:03: snowicesat.preprocessing.create_gdirs: (RGI50-11.B3108) define_glacier_region_snowicesat
2019-05-28 15:52:03: snowicesat.preprocessing.create_gdirs: (RGI50-11.B3109) define_glacier_region_snowicesat
2019-05-28 15:52:03: snowicesat.preprocessing.create_gdirs: (RGI50-11.B3112) define_glacier_region_snowicesat
2019-05-28 15:52:03: snowicesat.preprocessing.create_gdirs: (RGI50-11.B3116n) define_glacier_region_snowicesat
2019-05-28 15:52:03: snowicesat.preprocessing.create_gdirs: (RGI50-11.B3117n) define_glacier_region_snowicesat
2019-05-28 15:52:03: snowicesat.preprocessing.create_gdirs: (RGI50-11.B3119n) define_glacier_region_snowicesat
2019-05-28 15:52:03: snowicesat.preprocessing.create_gdirs: (RGI50-11.B3203) define_glacier_region_snowicesat
2019-05-28 15:52:03: snowicesat.preprocessing.create_gdirs: (RGI50-11.B3207) define_glacier_region_snowicesat
2019-05-28 15:52:03: snowicesat.preprocessing.create_gdirs: (RGI50-11.B3210n) define_glacier_region_snowicesat
2019-05-28 15:52:03: snowicesat.preprocessing.create_gdirs: (RGI50-11.B3302) define_glacier_region_snowicesat
2019-05-28 15:52:03: snowicesat.preprocessing.create_gdirs: (RGI50-11.B3303) define_glacier_region_snowicesat
2019-05-28 15:52:03: snowicesat.preprocessing.create_gdirs: (RGI50-11.B3304) define_glacier_region_snowicesat
2019-05-28 15:52:03: snowicesat.preprocessing.create_gdirs: (RGI50-11.B3402) define_glacier_region_snowicesat
2019-05-28 15:52:03: snowicesat.preprocessing.create_gdirs: (RGI50-11.B3403) define_glacier_region_snowicesat
2019-05-28 15:52:03: snowicesat.preprocessing.create_gdirs: (RGI50-11.B3408n) define_glacier_region_snowicesat
2019-05-28 15:52:03: snowicesat.preprocessing.create_gdirs: (RGI50-11.B3501) define_glacier_region_snowicesat
2019-05-28 15:52:03: snowicesat.preprocessing.create_gdirs: (RGI50-11.B3502) define_glacier_region_snowicesat
2019-05-28 15:52:03: snowicesat.preprocessing.create_gdirs: (RGI50-11.B3505) define_glacier_region_snowicesat
2019-05-28 15:52:03: snowicesat.preprocessing.create_gdirs: (RGI50-11.B3611) define_glacier_region_snowicesat
2019-05-28 15:52:03: snowicesat.preprocessing.create_gdirs: (RGI50-11.B3612) define_glacier_region_snowicesat
2019-05-28 15:52:03: snowicesat.preprocessing.create_gdirs: (RGI50-11.B3615) define_glacier_region_snowicesat
2019-05-28 15:52:03: snowicesat.preprocessing.create_gdirs: (RGI50-11.B3617) define_glacier_region_snowicesat
2019-05-28 15:52:03: snowicesat.preprocessing.create_gdirs: (RGI50-11.B3618) define_glacier_region_snowicesat
2019-05-28 15:52:03: snowicesat.preprocessing.create_gdirs: (RGI50-11.B3623) define_glacier_region_snowicesat
2019-05-28 15:52:03: snowicesat.preprocessing.create_gdirs: (RGI50-11.B3624) define_glacier_region_snowicesat
2019-05-28 15:52:03: snowicesat.preprocessing.create_gdirs: (RGI50-11.B3625) define_glacier_region_snowicesat
2019-05-28 15:52:03: snowicesat.preprocessing.create_gdirs: (RGI50-11.B3632) define_glacier_region_snowicesat
2019-05-28 15:52:03: snowicesat.preprocessing.create_gdirs: (RGI50-11.B3633) define_glacier_region_snowicesat
2019-05-28 15:52:03: snowicesat.preprocessing.create_gdirs: (RGI50-11.B3646n) define_glacier_region_snowicesat
2019-05-28 15:52:03: snowicesat.preprocessing.create_gdirs: (RGI50-11.B3656n) define_glacier_region_snowicesat
2019-05-28 15:52:03: snowicesat.preprocessing.create_gdirs: (RGI50-11.B4005) define_glacier_region_snowicesat
2019-05-28 15:52:03: snowicesat.preprocessing.create_gdirs: (RGI50-11.B4006) define_glacier_region_snowicesat
2019-05-28 15:52:03: snowicesat.preprocessing.create_gdirs: (RGI50-11.B4007) define_glacier_region_snowicesat
2019-05-28 15:52:03: snowicesat.preprocessing.create_gdirs: (RGI50-11.B4009) define_glacier_region_snowicesat
2019-05-28 15:52:03: snowicesat.preprocessing.create_gdirs: (RGI50-11.B4620) define_glacier_region_snowicesat
2019-05-28 15:52:03: snowicesat.preprocessing.create_gdirs: (RGI50-11.B4701) define_glacier_region_snowicesat
2019-05-28 15:52:03: snowicesat.preprocessing.create_gdirs: (RGI50-11.B4704) define_glacier_region_snowicesat
2019-05-28 15:52:03: snowicesat.preprocessing.create_gdirs: (RGI50-11.B4705) define_glacier_region_snowicesat
2019-05-28 15:52:03: snowicesat.preprocessing.create_gdirs: (RGI50-11.B5002) define_glacier_region_snowicesat
2019-05-28 15:52:03: snowicesat.preprocessing.create_gdirs: (RGI50-11.B5104) define_glacier_region_snowicesat
2019-05-28 15:52:03: snowicesat.preprocessing.create_gdirs: (RGI50-11.B5105) define_glacier_region_snowicesat
2019-05-28 15:52:03: snowicesat.preprocessing.create_gdirs: (RGI50-11.B5109) define_glacier_region_snowicesat
2019-05-28 15:52:03: snowicesat.preprocessing.create_gdirs: (RGI50-11.B5112) define_glacier_region_snowicesat
2019-05-28 15:52:03: snowicesat.preprocessing.create_gdirs: (RGI50-11.B5310) define_glacier_region_snowicesat
2019-05-28 15:52:03: snowicesat.preprocessing.create_gdirs: (RGI50-11.B5813) define_glacier_region_snowicesat
2019-05-28 15:52:03: snowicesat.preprocessing.create_gdirs: (RGI50-11.B5815) define_glacier_region_snowicesat
2019-05-28 15:52:03: snowicesat.preprocessing.create_gdirs: (RGI50-11.B6005) define_glacier_region_snowicesat
2019-05-28 15:52:03: snowicesat.preprocessing.create_gdirs: (RGI50-11.B6008) define_glacier_region_snowicesat
2019-05-28 15:52:03: snowicesat.preprocessing.create_gdirs: (RGI50-11.C0104) define_glacier_region_snowicesat
2019-05-28 15:52:03: snowicesat.preprocessing.create_gdirs: (RGI50-11.C0401) define_glacier_region_snowicesat
2019-05-28 15:52:03: snowicesat.preprocessing.create_gdirs: (RGI50-11.C0502) define_glacier_region_snowicesat
2019-05-28 15:52:03: snowicesat.preprocessing.create_gdirs: (RGI50-11.B3628) define_glacier_region_snowicesat
2019-05-28 15:52:03: snowicesat.preprocessing.create_gdirs: (RGI50-11.A14F11) define_glacier_region_snowicesat
2019-05-28 15:52:03: snowicesat.preprocessing.create_gdirs: (RGI50-11.A14F12) define_glacier_region_snowicesat
2019-05-28 15:52:03: snowicesat.preprocessing.create_gdirs: (RGI50-11.A14G02) define_glacier_region_snowicesat
2019-05-28 15:52:03: snowicesat.preprocessing.create_gdirs: (RGI50-11.A14G03) define_glacier_region_snowicesat
2019-05-28 15:52:03: snowicesat.preprocessing.create_gdirs: (RGI50-11.A14G09) define_glacier_region_snowicesat
2019-05-28 15:52:03: snowicesat.preprocessing.create_gdirs: (RGI50-11.A14G16n) define_glacier_region_snowicesat
2019-05-28 15:52:03: snowicesat.preprocessing.create_gdirs: (RGI50-11.A14G17n) define_glacier_region_snowicesat
2019-05-28 15:52:04: snowicesat.preprocessing.create_gdirs: (RGI50-11.A14H02) define_glacier_region_snowicesat
2019-05-28 15:52:04: snowicesat.preprocessing.create_gdirs: (RGI50-11.A14I04) define_glacier_region_snowicesat
2019-05-28 15:52:04: snowicesat.preprocessing.create_gdirs: (RGI50-11.A14I05) define_glacier_region_snowicesat
2019-05-28 15:52:04: snowicesat.preprocessing.create_gdirs: (RGI50-11.A14L10) define_glacier_region_snowicesat
2019-05-28 15:52:04: snowicesat.preprocessing.create_gdirs: (RGI50-11.A14L11) define_glacier_region_snowicesat
2019-05-28 15:52:04: snowicesat.preprocessing.create_gdirs: (RGI50-11.A14L14) define_glacier_region_snowicesat
2019-05-28 15:52:04: snowicesat.preprocessing.create_gdirs: (RGI50-11.A14N02) define_glacier_region_snowicesat
2019-05-28 15:52:04: snowicesat.preprocessing.create_gdirs: (RGI50-11.A14N11) define_glacier_region_snowicesat
2019-05-28 15:52:04: snowicesat.preprocessing.create_gdirs: (RGI50-11.A50I02) define_glacier_region_snowicesat
2019-05-28 15:52:04: snowicesat.preprocessing.create_gdirs: (RGI50-11.A50I06) define_glacier_region_snowicesat
2019-05-28 15:52:04: snowicesat.preprocessing.create_gdirs: (RGI50-11.A50I10) define_glacier_region_snowicesat
2019-05-28 15:52:04: snowicesat.preprocessing.create_gdirs: (RGI50-11.A50I11) define_glacier_region_snowicesat
2019-05-28 15:52:04: snowicesat.preprocessing.create_gdirs: (RGI50-11.A50I12) define_glacier_region_snowicesat
2019-05-28 15:52:04: snowicesat.preprocessing.create_gdirs: (RGI50-11.A50I15) define_glacier_region_snowicesat
2019-05-28 15:52:04: snowicesat.preprocessing.create_gdirs: (RGI50-11.A50I21) define_glacier_region_snowicesat
2019-05-28 15:52:04: snowicesat.preprocessing.create_gdirs: (RGI50-11.A50I22n) define_glacier_region_snowicesat
2019-05-28 15:52:04: snowicesat.preprocessing.create_gdirs: (RGI50-11.A50I23n) define_glacier_region_snowicesat
2019-05-28 15:52:04: snowicesat.preprocessing.create_gdirs: (RGI50-11.A50J02) define_glacier_region_snowicesat
2019-05-28 15:52:04: snowicesat.preprocessing.create_gdirs: (RGI50-11.A50J03) define_glacier_region_snowicesat
2019-05-28 15:52:04: snowicesat.preprocessing.create_gdirs: (RGI50-11.A50J05) define_glacier_region_snowicesat
2019-05-28 15:52:04: snowicesat.preprocessing.create_gdirs: (RGI50-11.A50J12) define_glacier_region_snowicesat
2019-05-28 15:52:04: snowicesat.preprocessing.create_gdirs: (RGI50-11.A51C05) define_glacier_region_snowicesat
2019-05-28 15:52:04: snowicesat.preprocessing.create_gdirs: (RGI50-11.A51D05) define_glacier_region_snowicesat
2019-05-28 15:52:04: snowicesat.preprocessing.create_gdirs: (RGI50-11.A51D07) define_glacier_region_snowicesat
2019-05-28 15:52:04: snowicesat.preprocessing.create_gdirs: (RGI50-11.A51D10) define_glacier_region_snowicesat
2019-05-28 15:52:04: snowicesat.preprocessing.create_gdirs: (RGI50-11.A51D14) define_glacier_region_snowicesat
2019-05-28 15:52:04: snowicesat.preprocessing.create_gdirs: (RGI50-11.A51D15) define_glacier_region_snowicesat
2019-05-28 15:52:04: snowicesat.preprocessing.create_gdirs: (RGI50-11.A51D16) define_glacier_region_snowicesat
2019-05-28 15:52:04: snowicesat.preprocessing.create_gdirs: (RGI50-11.A51D18) define_glacier_region_snowicesat
2019-05-28 15:52:04: snowicesat.preprocessing.create_gdirs: (RGI50-11.A51D21) define_glacier_region_snowicesat
2019-05-28 15:52:04: snowicesat.preprocessing.create_gdirs: (RGI50-11.A51E10) define_glacier_region_snowicesat
2019-05-28 15:52:04: snowicesat.preprocessing.create_gdirs: (RGI50-11.A51E12) define_glacier_region_snowicesat
2019-05-28 15:52:04: snowicesat.preprocessing.create_gdirs: (RGI50-11.A51E35) define_glacier_region_snowicesat
2019-05-28 15:52:04: snowicesat.preprocessing.create_gdirs: (RGI50-11.A51F12) define_glacier_region_snowicesat
2019-05-28 15:52:04: snowicesat.preprocessing.create_gdirs: (RGI50-11.A51F13) define_glacier_region_snowicesat
2019-05-28 15:52:04: snowicesat.preprocessing.create_gdirs: (RGI50-11.A51F15) define_glacier_region_snowicesat
2019-05-28 15:52:04: snowicesat.preprocessing.create_gdirs: (RGI50-11.A51F16) define_glacier_region_snowicesat
2019-05-28 15:52:04: snowicesat.preprocessing.create_gdirs: (RGI50-11.A51F19) define_glacier_region_snowicesat
2019-05-28 15:52:04: snowicesat.preprocessing.create_gdirs: (RGI50-11.A51F20) define_glacier_region_snowicesat
2019-05-28 15:52:04: snowicesat.preprocessing.create_gdirs: (RGI50-11.A51F22) define_glacier_region_snowicesat
2019-05-28 15:52:04: snowicesat.preprocessing.create_gdirs: (RGI50-11.A51F23) define_glacier_region_snowicesat
2019-05-28 15:52:04: snowicesat.preprocessing.create_gdirs: (RGI50-11.A51F24) define_glacier_region_snowicesat
2019-05-28 15:52:04: snowicesat.preprocessing.create_gdirs: (RGI50-11.A51F26) define_glacier_region_snowicesat
2019-05-28 15:52:04: snowicesat.preprocessing.create_gdirs: (RGI50-11.A51F29) define_glacier_region_snowicesat
2019-05-28 15:52:04: snowicesat.preprocessing.create_gdirs: (RGI50-11.A51F34) define_glacier_region_snowicesat
2019-05-28 15:52:04: snowicesat.preprocessing.create_gdirs: (RGI50-11.A51F35) define_glacier_region_snowicesat
2019-05-28 15:52:04: snowicesat.preprocessing.create_gdirs: (RGI50-11.A51F38) define_glacier_region_snowicesat
2019-05-28 15:52:04: snowicesat.preprocessing.create_gdirs: (RGI50-11.A51F40) define_glacier_region_snowicesat
2019-05-28 15:52:04: snowicesat.preprocessing.create_gdirs: (RGI50-11.A51F43) define_glacier_region_snowicesat
2019-05-28 15:52:04: snowicesat.preprocessing.create_gdirs: (RGI50-11.A51F44) define_glacier_region_snowicesat
2019-05-28 15:52:04: snowicesat.preprocessing.create_gdirs: (RGI50-11.A51F46) define_glacier_region_snowicesat
2019-05-28 15:52:04: snowicesat.preprocessing.create_gdirs: (RGI50-11.A51F48) define_glacier_region_snowicesat
2019-05-28 15:52:04: snowicesat.preprocessing.create_gdirs: (RGI50-11.A51F54) define_glacier_region_snowicesat
2019-05-28 15:52:04: snowicesat.preprocessing.create_gdirs: (RGI50-11.A51F55) define_glacier_region_snowicesat
2019-05-28 15:52:04: snowicesat.preprocessing.create_gdirs: (RGI50-11.A51F56) define_glacier_region_snowicesat
2019-05-28 15:52:04: snowicesat.preprocessing.create_gdirs: (RGI50-11.A51F57) define_glacier_region_snowicesat
2019-05-28 15:52:04: snowicesat.preprocessing.create_gdirs: (RGI50-11.A51F68n) define_glacier_region_snowicesat
2019-05-28 15:52:04: snowicesat.preprocessing.create_gdirs: (RGI50-11.A51F69n) define_glacier_region_snowicesat
2019-05-28 15:52:04: snowicesat.preprocessing.create_gdirs: (RGI50-11.A51F75n) define_glacier_region_snowicesat
2019-05-28 15:52:04: snowicesat.preprocessing.create_gdirs: (RGI50-11.A51F76n) define_glacier_region_snowicesat
2019-05-28 15:52:04: snowicesat.preprocessing.create_gdirs: (RGI50-11.A51F81n) define_glacier_region_snowicesat
2019-05-28 15:52:04: snowicesat.preprocessing.create_gdirs: (RGI50-11.A51G05) define_glacier_region_snowicesat
2019-05-28 15:52:04: snowicesat.preprocessing.create_gdirs: (RGI50-11.A51G10) define_glacier_region_snowicesat
2019-05-28 15:52:04: snowicesat.preprocessing.create_gdirs: (RGI50-11.A51G11) define_glacier_region_snowicesat
2019-05-28 15:52:04: snowicesat.preprocessing.create_gdirs: (RGI50-11.A51H02) define_glacier_region_snowicesat
2019-05-28 15:52:04: snowicesat.preprocessing.create_gdirs: (RGI50-11.A51H08) define_glacier_region_snowicesat
2019-05-28 15:52:04: snowicesat.preprocessing.create_gdirs: (RGI50-11.A51H10) define_glacier_region_snowicesat
2019-05-28 15:52:04: snowicesat.preprocessing.create_gdirs: (RGI50-11.A51H13) define_glacier_region_snowicesat
2019-05-28 15:52:04: snowicesat.preprocessing.create_gdirs: (RGI50-11.A51H14) define_glacier_region_snowicesat
2019-05-28 15:52:04: snowicesat.preprocessing.create_gdirs: (RGI50-11.A51H20n) define_glacier_region_snowicesat
2019-05-28 15:52:04: snowicesat.preprocessing.create_gdirs: (RGI50-11.A51H22n) define_glacier_region_snowicesat
2019-05-28 15:52:04: snowicesat.preprocessing.create_gdirs: (RGI50-11.A51H23n) define_glacier_region_snowicesat
2019-05-28 15:52:04: snowicesat.preprocessing.create_gdirs: (RGI50-11.A51H24n) define_glacier_region_snowicesat
2019-05-28 15:52:04: snowicesat.preprocessing.create_gdirs: (RGI50-11.A51H25n) define_glacier_region_snowicesat
2019-05-28 15:52:04: snowicesat.preprocessing.create_gdirs: (RGI50-11.A54E05) define_glacier_region_snowicesat
2019-05-28 15:52:04: snowicesat.preprocessing.create_gdirs: (RGI50-11.A54E06) define_glacier_region_snowicesat
2019-05-28 15:52:05: snowicesat.preprocessing.create_gdirs: (RGI50-11.A54E07) define_glacier_region_snowicesat
2019-05-28 15:52:05: snowicesat.preprocessing.create_gdirs: (RGI50-11.A54E10) define_glacier_region_snowicesat
2019-05-28 15:52:05: snowicesat.preprocessing.create_gdirs: (RGI50-11.A54E12) define_glacier_region_snowicesat
2019-05-28 15:52:05: snowicesat.preprocessing.create_gdirs: (RGI50-11.A54E16) define_glacier_region_snowicesat
2019-05-28 15:52:05: snowicesat.preprocessing.create_gdirs: (RGI50-11.A54E19) define_glacier_region_snowicesat
2019-05-28 15:52:05: snowicesat.preprocessing.create_gdirs: (RGI50-11.A54E20) define_glacier_region_snowicesat
2019-05-28 15:52:05: snowicesat.preprocessing.create_gdirs: (RGI50-11.A54E23) define_glacier_region_snowicesat
2019-05-28 15:52:05: snowicesat.preprocessing.create_gdirs: (RGI50-11.A54E24) define_glacier_region_snowicesat
2019-05-28 15:52:05: snowicesat.preprocessing.create_gdirs: (RGI50-11.A54F07) define_glacier_region_snowicesat
2019-05-28 15:52:05: snowicesat.preprocessing.create_gdirs: (RGI50-11.A54F09) define_glacier_region_snowicesat
2019-05-28 15:52:05: snowicesat.preprocessing.create_gdirs: (RGI50-11.A54F10) define_glacier_region_snowicesat
2019-05-28 15:52:05: snowicesat.preprocessing.create_gdirs: (RGI50-11.A54F15n) define_glacier_region_snowicesat
2019-05-28 15:52:05: snowicesat.preprocessing.create_gdirs: (RGI50-11.A54G25) define_glacier_region_snowicesat
2019-05-28 15:52:05: snowicesat.preprocessing.create_gdirs: (RGI50-11.A54H05) define_glacier_region_snowicesat
2019-05-28 15:52:05: snowicesat.preprocessing.create_gdirs: (RGI50-11.A54H06) define_glacier_region_snowicesat
2019-05-28 15:52:05: snowicesat.preprocessing.create_gdirs: (RGI50-11.A54I01) define_glacier_region_snowicesat
2019-05-28 15:52:05: snowicesat.preprocessing.create_gdirs: (RGI50-11.A54I02) define_glacier_region_snowicesat
2019-05-28 15:52:05: snowicesat.preprocessing.create_gdirs: (RGI50-11.A54I03) define_glacier_region_snowicesat
2019-05-28 15:52:05: snowicesat.preprocessing.create_gdirs: (RGI50-11.A54I07) define_glacier_region_snowicesat
2019-05-28 15:52:05: snowicesat.preprocessing.create_gdirs: (RGI50-11.A54I08) define_glacier_region_snowicesat
2019-05-28 15:52:05: snowicesat.preprocessing.create_gdirs: (RGI50-11.A54I22n) define_glacier_region_snowicesat
2019-05-28 15:52:05: snowicesat.preprocessing.create_gdirs: (RGI50-11.A55B18) define_glacier_region_snowicesat
2019-05-28 15:52:05: snowicesat.preprocessing.create_gdirs: (RGI50-11.A55C01) define_glacier_region_snowicesat
2019-05-28 15:52:05: snowicesat.preprocessing.create_gdirs: (RGI50-11.A55C03) define_glacier_region_snowicesat
2019-05-28 15:52:05: snowicesat.preprocessing.create_gdirs: (RGI50-11.A55C09) define_glacier_region_snowicesat
2019-05-28 15:52:05: snowicesat.preprocessing.create_gdirs: (RGI50-11.A55C11) define_glacier_region_snowicesat
2019-05-28 15:52:05: snowicesat.preprocessing.create_gdirs: (RGI50-11.A55C14) define_glacier_region_snowicesat
2019-05-28 15:52:05: snowicesat.preprocessing.create_gdirs: (RGI50-11.A55C19n) define_glacier_region_snowicesat
2019-05-28 15:52:05: snowicesat.preprocessing.create_gdirs: (RGI50-11.A55D05) define_glacier_region_snowicesat
2019-05-28 15:52:05: snowicesat.preprocessing.create_gdirs: (RGI50-11.A55F01) define_glacier_region_snowicesat
2019-05-28 15:52:05: snowicesat.preprocessing.create_gdirs: (RGI50-11.A55F03) define_glacier_region_snowicesat
2019-05-28 15:52:05: snowicesat.preprocessing.create_gdirs: (RGI50-11.A55F04) define_glacier_region_snowicesat
2019-05-28 15:52:05: snowicesat.preprocessing.create_gdirs: (RGI50-11.A55F07n) define_glacier_region_snowicesat
2019-05-28 15:52:05: snowicesat.preprocessing.create_gdirs: (RGI50-11.A56D05) define_glacier_region_snowicesat
2019-05-28 15:52:05: snowicesat.preprocessing.create_gdirs: (RGI50-11.B1601) define_glacier_region_snowicesat
2019-05-28 15:52:05: snowicesat.preprocessing.create_gdirs: (RGI50-11.B1603) define_glacier_region_snowicesat
2019-05-28 15:52:05: snowicesat.preprocessing.create_gdirs: (RGI50-11.B1702) define_glacier_region_snowicesat
2019-05-28 15:52:05: snowicesat.preprocessing.create_gdirs: (RGI50-11.B1703) define_glacier_region_snowicesat
2019-05-28 15:52:05: snowicesat.preprocessing.create_gdirs: (RGI50-11.B1704) define_glacier_region_snowicesat
2019-05-28 15:52:05: snowicesat.preprocessing.create_gdirs: (RGI50-11.B1708) define_glacier_region_snowicesat
2019-05-28 15:52:05: snowicesat.preprocessing.create_gdirs: (RGI50-11.B2201) define_glacier_region_snowicesat
2019-05-28 15:52:05: snowicesat.preprocessing.create_gdirs: (RGI50-11.B2303) define_glacier_region_snowicesat
2019-05-28 15:52:05: snowicesat.preprocessing.create_gdirs: (RGI50-11.B2307n) define_glacier_region_snowicesat
2019-05-28 15:52:05: snowicesat.preprocessing.create_gdirs: (RGI50-11.B2309n) define_glacier_region_snowicesat
2019-05-28 15:52:05: snowicesat.preprocessing.create_gdirs: (RGI50-11.B2404n) define_glacier_region_snowicesat
2019-05-28 15:52:05: snowicesat.preprocessing.create_gdirs: (RGI50-11.B2503) define_glacier_region_snowicesat
2019-05-28 15:52:05: snowicesat.preprocessing.create_gdirs: (RGI50-11.B2507) define_glacier_region_snowicesat
2019-05-28 15:52:05: snowicesat.preprocessing.create_gdirs: (RGI50-11.B4302) define_glacier_region_snowicesat
2019-05-28 15:52:05: snowicesat.preprocessing.create_gdirs: (RGI50-11.B5630n) define_glacier_region_snowicesat
2019-05-28 15:52:05: snowicesat.preprocessing.create_gdirs: (RGI50-11.B5706) define_glacier_region_snowicesat
2019-05-28 15:52:05: snowicesat.preprocessing.create_gdirs: (RGI50-11.B5710) define_glacier_region_snowicesat
2019-05-28 15:52:05: snowicesat.preprocessing.create_gdirs: (RGI50-11.B5711) define_glacier_region_snowicesat
2019-05-28 15:52:05: snowicesat.preprocessing.create_gdirs: (RGI50-11.B5712) define_glacier_region_snowicesat
2019-05-28 15:52:05: snowicesat.preprocessing.create_gdirs: (RGI50-11.B5802) define_glacier_region_snowicesat
2019-05-28 15:52:05: snowicesat.preprocessing.create_gdirs: (RGI50-11.B5804) define_glacier_region_snowicesat
2019-05-28 15:52:05: snowicesat.preprocessing.create_gdirs: (RGI50-11.B5806) define_glacier_region_snowicesat
2019-05-28 15:52:05: snowicesat.preprocessing.create_gdirs: (RGI50-11.B5812) define_glacier_region_snowicesat
2019-05-28 15:52:05: snowicesat.preprocessing.create_gdirs: (RGI50-11.B5826n) define_glacier_region_snowicesat
2019-05-28 15:52:05: snowicesat.preprocessing.create_gdirs: (RGI50-11.B5828n) define_glacier_region_snowicesat
2019-05-28 15:52:05: snowicesat.preprocessing.create_gdirs: (RGI50-11.B5830n) define_glacier_region_snowicesat
2019-05-28 15:52:05: snowicesat.preprocessing.create_gdirs: (RGI50-11.B6012) define_glacier_region_snowicesat
2019-05-28 15:52:05: snowicesat.preprocessing.create_gdirs: (RGI50-11.B6021n) define_glacier_region_snowicesat
2019-05-28 15:52:05: snowicesat.preprocessing.create_gdirs: (RGI50-11.B6022n) define_glacier_region_snowicesat
2019-05-28 15:52:05: snowicesat.preprocessing.create_gdirs: (RGI50-11.B6207) define_glacier_region_snowicesat
2019-05-28 15:52:05: snowicesat.preprocessing.create_gdirs: (RGI50-11.B6210) define_glacier_region_snowicesat
2019-05-28 15:52:05: snowicesat.preprocessing.create_gdirs: (RGI50-11.B6307) define_glacier_region_snowicesat
2019-05-28 15:52:05: snowicesat.preprocessing.create_gdirs: (RGI50-11.B7206) define_glacier_region_snowicesat
2019-05-28 15:52:05: snowicesat.preprocessing.create_gdirs: (RGI50-11.B7207) define_glacier_region_snowicesat
2019-05-28 15:52:05: snowicesat.preprocessing.create_gdirs: (RGI50-11.B7208) define_glacier_region_snowicesat
2019-05-28 15:52:05: snowicesat.preprocessing.create_gdirs: (RGI50-11.B7209) define_glacier_region_snowicesat
2019-05-28 15:52:06: snowicesat.preprocessing.create_gdirs: (RGI50-11.B7210) define_glacier_region_snowicesat
2019-05-28 15:52:06: snowicesat.preprocessing.create_gdirs: (RGI50-11.B7211) define_glacier_region_snowicesat
2019-05-28 15:52:06: snowicesat.preprocessing.create_gdirs: (RGI50-11.B7216) define_glacier_region_snowicesat
2019-05-28 15:52:06: snowicesat.preprocessing.create_gdirs: (RGI50-11.B7217) define_glacier_region_snowicesat
2019-05-28 15:52:06: snowicesat.preprocessing.create_gdirs: (RGI50-11.B7306) define_glacier_region_snowicesat
2019-05-28 15:52:06: snowicesat.preprocessing.create_gdirs: (RGI50-11.B7310) define_glacier_region_snowicesat
2019-05-28 15:52:06: snowicesat.preprocessing.create_gdirs: (RGI50-11.B7313) define_glacier_region_snowicesat
2019-05-28 15:52:06: snowicesat.preprocessing.create_gdirs: (RGI50-11.B7315) define_glacier_region_snowicesat
2019-05-28 15:52:06: snowicesat.preprocessing.create_gdirs: (RGI50-11.B7316) define_glacier_region_snowicesat
2019-05-28 15:52:06: snowicesat.preprocessing.create_gdirs: (RGI50-11.B7324) define_glacier_region_snowicesat
2019-05-28 15:52:06: snowicesat.preprocessing.create_gdirs: (RGI50-11.B7326) define_glacier_region_snowicesat
2019-05-28 15:52:06: snowicesat.preprocessing.create_gdirs: (RGI50-11.B7329n) define_glacier_region_snowicesat
2019-05-28 15:52:06: snowicesat.preprocessing.create_gdirs: (RGI50-11.B7333n) define_glacier_region_snowicesat
2019-05-28 15:52:06: snowicesat.preprocessing.create_gdirs: (RGI50-11.B7334n) define_glacier_region_snowicesat
2019-05-28 15:52:06: snowicesat.preprocessing.create_gdirs: (RGI50-11.B7336n) define_glacier_region_snowicesat
2019-05-28 15:52:06: snowicesat.preprocessing.create_gdirs: (RGI50-11.B7409) define_glacier_region_snowicesat
2019-05-28 15:52:06: snowicesat.preprocessing.create_gdirs: (RGI50-11.B7414) define_glacier_region_snowicesat
2019-05-28 15:52:06: snowicesat.preprocessing.create_gdirs: (RGI50-11.B7417) define_glacier_region_snowicesat
2019-05-28 15:52:06: snowicesat.preprocessing.create_gdirs: (RGI50-11.B7418) define_glacier_region_snowicesat
2019-05-28 15:52:06: snowicesat.preprocessing.create_gdirs: (RGI50-11.B7425n) define_glacier_region_snowicesat
2019-05-28 15:52:06: snowicesat.preprocessing.create_gdirs: (RGI50-11.B7505) define_glacier_region_snowicesat
2019-05-28 15:52:06: snowicesat.preprocessing.create_gdirs: (RGI50-11.B7506) define_glacier_region_snowicesat
2019-05-28 15:52:06: snowicesat.preprocessing.create_gdirs: (RGI50-11.B7507) define_glacier_region_snowicesat
2019-05-28 15:52:06: snowicesat.preprocessing.create_gdirs: (RGI50-11.B7509) define_glacier_region_snowicesat
2019-05-28 15:52:06: snowicesat.preprocessing.create_gdirs: (RGI50-11.B8208) define_glacier_region_snowicesat
2019-05-28 15:52:06: snowicesat.preprocessing.create_gdirs: (RGI50-11.B8214) define_glacier_region_snowicesat
2019-05-28 15:52:06: snowicesat.preprocessing.create_gdirs: (RGI50-11.B8218) define_glacier_region_snowicesat
2019-05-28 15:52:06: snowicesat.preprocessing.create_gdirs: (RGI50-11.B8234) define_glacier_region_snowicesat
2019-05-28 15:52:06: snowicesat.preprocessing.create_gdirs: (RGI50-11.B8238) define_glacier_region_snowicesat
2019-05-28 15:52:06: snowicesat.preprocessing.create_gdirs: (RGI50-11.B8239) define_glacier_region_snowicesat
2019-05-28 15:52:06: snowicesat.preprocessing.create_gdirs: (RGI50-11.B8242) define_glacier_region_snowicesat
2019-05-28 15:52:06: snowicesat.preprocessing.create_gdirs: (RGI50-11.B8244) define_glacier_region_snowicesat
2019-05-28 15:52:06: snowicesat.preprocessing.create_gdirs: (RGI50-11.B8245) define_glacier_region_snowicesat
2019-05-28 15:52:06: snowicesat.preprocessing.create_gdirs: (RGI50-11.B8304) define_glacier_region_snowicesat
2019-05-28 15:52:06: snowicesat.preprocessing.create_gdirs: (RGI50-11.B8306) define_glacier_region_snowicesat
2019-05-28 15:52:06: snowicesat.preprocessing.create_gdirs: (RGI50-11.B8308) define_glacier_region_snowicesat
2019-05-28 15:52:06: snowicesat.preprocessing.create_gdirs: (RGI50-11.B8309) define_glacier_region_snowicesat
2019-05-28 15:52:06: snowicesat.preprocessing.create_gdirs: (RGI50-11.B8310) define_glacier_region_snowicesat
2019-05-28 15:52:06: snowicesat.preprocessing.create_gdirs: (RGI50-11.B8315n) define_glacier_region_snowicesat
2019-05-28 15:52:06: snowicesat.preprocessing.create_gdirs: (RGI50-11.B8404) define_glacier_region_snowicesat
2019-05-28 15:52:06: snowicesat.preprocessing.create_gdirs: (RGI50-11.B8411) define_glacier_region_snowicesat
2019-05-28 15:52:06: snowicesat.preprocessing.create_gdirs: (RGI50-11.B8427n) define_glacier_region_snowicesat
2019-05-28 15:52:06: snowicesat.preprocessing.create_gdirs: (RGI50-11.B8504) define_glacier_region_snowicesat
2019-05-28 15:52:06: snowicesat.preprocessing.create_gdirs: (RGI50-11.B8508) define_glacier_region_snowicesat
2019-05-28 15:52:06: snowicesat.preprocessing.create_gdirs: (RGI50-11.B8513) define_glacier_region_snowicesat
2019-05-28 15:52:06: snowicesat.preprocessing.create_gdirs: (RGI50-11.B8517) define_glacier_region_snowicesat
2019-05-28 15:52:06: snowicesat.preprocessing.create_gdirs: (RGI50-11.B8520) define_glacier_region_snowicesat
2019-05-28 15:52:06: snowicesat.preprocessing.create_gdirs: (RGI50-11.B8523) define_glacier_region_snowicesat
2019-05-28 15:52:06: snowicesat.preprocessing.create_gdirs: (RGI50-11.B8526n) define_glacier_region_snowicesat
2019-05-28 15:52:06: snowicesat.preprocessing.create_gdirs: (RGI50-11.B9002) define_glacier_region_snowicesat
2019-05-28 15:52:06: snowicesat.preprocessing.create_gdirs: (RGI50-11.B9004) define_glacier_region_snowicesat
2019-05-28 15:52:06: snowicesat.preprocessing.create_gdirs: (RGI50-11.B9005) define_glacier_region_snowicesat
2019-05-28 15:52:06: snowicesat.preprocessing.create_gdirs: (RGI50-11.B9006n) define_glacier_region_snowicesat
2019-05-28 15:52:06: snowicesat.preprocessing.create_gdirs: (RGI50-11.B9205) define_glacier_region_snowicesat
2019-05-28 15:52:06: snowicesat.preprocessing.create_gdirs: (RGI50-11.B9207) define_glacier_region_snowicesat
2019-05-28 15:52:06: snowicesat.preprocessing.create_gdirs: (RGI50-11.B9302) define_glacier_region_snowicesat
2019-05-28 15:52:06: snowicesat.preprocessing.create_gdirs: (RGI50-11.B9303) define_glacier_region_snowicesat
2019-05-28 15:52:06: snowicesat.preprocessing.create_gdirs: (RGI50-11.B9508) define_glacier_region_snowicesat
2019-05-28 15:52:06: snowicesat.preprocessing.create_gdirs: (RGI50-11.B9509) define_glacier_region_snowicesat
2019-05-28 15:52:06: snowicesat.preprocessing.create_gdirs: (RGI50-11.C4202) define_glacier_region_snowicesat
2019-05-28 15:52:06: snowicesat.preprocessing.create_gdirs: (RGI50-11.C4304) define_glacier_region_snowicesat
2019-05-28 15:52:06: snowicesat.preprocessing.create_gdirs: (RGI50-11.A10G02) define_glacier_region_snowicesat
2019-05-28 15:52:06: snowicesat.preprocessing.create_gdirs: (RGI50-11.A10G18) define_glacier_region_snowicesat
2019-05-28 15:52:06: snowicesat.preprocessing.create_gdirs: (RGI50-11.A12D05) define_glacier_region_snowicesat
2019-05-28 15:52:06: snowicesat.preprocessing.create_gdirs: (RGI50-11.A12D10) define_glacier_region_snowicesat
2019-05-28 15:52:06: snowicesat.preprocessing.create_gdirs: (RGI50-11.A12I04) define_glacier_region_snowicesat
2019-05-28 15:52:06: snowicesat.preprocessing.create_gdirs: (RGI50-11.A13B03) define_glacier_region_snowicesat
2019-05-28 15:52:06: snowicesat.preprocessing.create_gdirs: (RGI50-11.A13K03) define_glacier_region_snowicesat
2019-05-28 15:52:06: snowicesat.preprocessing.create_gdirs: (RGI50-11.A13N02) define_glacier_region_snowicesat
2019-05-28 15:52:06: snowicesat.preprocessing.create_gdirs: (RGI50-11.A13O01) define_glacier_region_snowicesat
2019-05-28 15:52:06: snowicesat.preprocessing.create_gdirs: (RGI50-11.A14D06) define_glacier_region_snowicesat
2019-05-28 15:52:06: snowicesat.preprocessing.create_gdirs: (RGI50-11.A14D08) define_glacier_region_snowicesat
2019-05-28 15:52:06: snowicesat.preprocessing.create_gdirs: (RGI50-11.A14D10) define_glacier_region_snowicesat
2019-05-28 15:52:06: snowicesat.preprocessing.create_gdirs: (RGI50-11.A14D15) define_glacier_region_snowicesat
2019-05-28 15:52:06: snowicesat.preprocessing.create_gdirs: (RGI50-11.A14D19) define_glacier_region_snowicesat
2019-05-28 15:52:06: snowicesat.preprocessing.create_gdirs: (RGI50-11.A54G02) define_glacier_region_snowicesat
2019-05-28 15:52:06: snowicesat.preprocessing.create_gdirs: (RGI50-11.A54G06) define_glacier_region_snowicesat
2019-05-28 15:52:06: snowicesat.preprocessing.create_gdirs: (RGI50-11.A54G19) define_glacier_region_snowicesat
2019-05-28 15:52:07: snowicesat.preprocessing.create_gdirs: (RGI50-11.A54G43n) define_glacier_region_snowicesat
2019-05-28 15:52:07: snowicesat.preprocessing.create_gdirs: (RGI50-11.A54J02) define_glacier_region_snowicesat
2019-05-28 15:52:07: snowicesat.preprocessing.create_gdirs: (RGI50-11.A54J03) define_glacier_region_snowicesat
2019-05-28 15:52:07: snowicesat.preprocessing.create_gdirs: (RGI50-11.A54J07n) define_glacier_region_snowicesat
2019-05-28 15:52:07: snowicesat.preprocessing.create_gdirs: (RGI50-11.A54L02) define_glacier_region_snowicesat
2019-05-28 15:52:07: snowicesat.preprocessing.create_gdirs: (RGI50-11.A54L04) define_glacier_region_snowicesat
2019-05-28 15:52:07: snowicesat.preprocessing.create_gdirs: (RGI50-11.A54L23n) define_glacier_region_snowicesat
2019-05-28 15:52:07: snowicesat.preprocessing.create_gdirs: (RGI50-11.B4107) define_glacier_region_snowicesat
2019-05-28 15:52:07: snowicesat.preprocessing.create_gdirs: (RGI50-11.B4403) define_glacier_region_snowicesat
2019-05-28 15:52:07: snowicesat.preprocessing.create_gdirs: (RGI50-11.B4411) define_glacier_region_snowicesat
2019-05-28 15:52:07: snowicesat.preprocessing.create_gdirs: (RGI50-11.B4416) define_glacier_region_snowicesat
2019-05-28 15:52:07: snowicesat.preprocessing.create_gdirs: (RGI50-11.B4417) define_glacier_region_snowicesat
2019-05-28 15:52:07: snowicesat.preprocessing.create_gdirs: (RGI50-11.B4420) define_glacier_region_snowicesat
2019-05-28 15:52:07: snowicesat.preprocessing.create_gdirs: (RGI50-11.B4428) define_glacier_region_snowicesat
2019-05-28 15:52:07: snowicesat.preprocessing.create_gdirs: (RGI50-11.B4504) define_glacier_region_snowicesat
2019-05-28 15:52:07: snowicesat.preprocessing.create_gdirs: (RGI50-11.B4506) define_glacier_region_snowicesat
2019-05-28 15:52:07: snowicesat.preprocessing.create_gdirs: (RGI50-11.B4529n) define_glacier_region_snowicesat
2019-05-28 15:52:07: snowicesat.preprocessing.create_gdirs: (RGI50-11.B4625n) define_glacier_region_snowicesat
2019-05-28 15:52:07: snowicesat.preprocessing.create_gdirs: (RGI50-11.B4630n) define_glacier_region_snowicesat
2019-05-28 15:52:07: snowicesat.preprocessing.create_gdirs: (RGI50-11.B5204) define_glacier_region_snowicesat
2019-05-28 15:52:07: snowicesat.preprocessing.create_gdirs: (RGI50-11.B5206) define_glacier_region_snowicesat
2019-05-28 15:52:07: snowicesat.preprocessing.create_gdirs: (RGI50-11.B5212) define_glacier_region_snowicesat
2019-05-28 15:52:07: snowicesat.preprocessing.create_gdirs: (RGI50-11.B5213) define_glacier_region_snowicesat
2019-05-28 15:52:07: snowicesat.preprocessing.create_gdirs: (RGI50-11.B5222) define_glacier_region_snowicesat
2019-05-28 15:52:07: snowicesat.preprocessing.create_gdirs: (RGI50-11.B5226) define_glacier_region_snowicesat
2019-05-28 15:52:07: snowicesat.preprocessing.create_gdirs: (RGI50-11.B5227) define_glacier_region_snowicesat
2019-05-28 15:52:07: snowicesat.preprocessing.create_gdirs: (RGI50-11.B5229) define_glacier_region_snowicesat
2019-05-28 15:52:07: snowicesat.preprocessing.create_gdirs: (RGI50-11.B5232) define_glacier_region_snowicesat
2019-05-28 15:52:07: snowicesat.preprocessing.create_gdirs: (RGI50-11.B5237n) define_glacier_region_snowicesat
2019-05-28 15:52:07: snowicesat.preprocessing.create_gdirs: (RGI50-11.B5263n) define_glacier_region_snowicesat
2019-05-28 15:52:07: snowicesat.preprocessing.create_gdirs: (RGI50-11.B5265n) define_glacier_region_snowicesat
2019-05-28 15:52:07: snowicesat.preprocessing.create_gdirs: (RGI50-11.B5308) define_glacier_region_snowicesat
2019-05-28 15:52:07: snowicesat.preprocessing.create_gdirs: (RGI50-11.B5315n) define_glacier_region_snowicesat
2019-05-28 15:52:07: snowicesat.preprocessing.create_gdirs: (RGI50-11.B5320n) define_glacier_region_snowicesat
2019-05-28 15:52:07: snowicesat.preprocessing.create_gdirs: (RGI50-11.B5505) define_glacier_region_snowicesat
2019-05-28 15:52:07: snowicesat.preprocessing.create_gdirs: (RGI50-11.B5507) define_glacier_region_snowicesat
2019-05-28 15:52:07: snowicesat.preprocessing.create_gdirs: (RGI50-11.B5508) define_glacier_region_snowicesat
2019-05-28 15:52:07: snowicesat.preprocessing.create_gdirs: (RGI50-11.B5509) define_glacier_region_snowicesat
2019-05-28 15:52:07: snowicesat.preprocessing.create_gdirs: (RGI50-11.B5514) define_glacier_region_snowicesat
2019-05-28 15:52:07: snowicesat.preprocessing.create_gdirs: (RGI50-11.B5516) define_glacier_region_snowicesat
2019-05-28 15:52:07: snowicesat.preprocessing.create_gdirs: (RGI50-11.B5517) define_glacier_region_snowicesat
2019-05-28 15:52:07: snowicesat.preprocessing.create_gdirs: (RGI50-11.B5532n) define_glacier_region_snowicesat
2019-05-28 15:52:07: snowicesat.preprocessing.create_gdirs: (RGI50-11.B5536n) define_glacier_region_snowicesat
2019-05-28 15:52:07: snowicesat.preprocessing.create_gdirs: (RGI50-11.B5601) define_glacier_region_snowicesat
2019-05-28 15:52:07: snowicesat.preprocessing.create_gdirs: (RGI50-11.B5621n) define_glacier_region_snowicesat
2019-05-28 15:52:07: snowicesat.preprocessing.create_gdirs: (RGI50-11.B5622n) define_glacier_region_snowicesat
2019-05-28 15:52:07: snowicesat.preprocessing.create_gdirs: (RGI50-11.B5624n) define_glacier_region_snowicesat
2019-05-28 15:52:07: snowicesat.preprocessing.create_gdirs: (RGI50-11.C0102) define_glacier_region_snowicesat
2019-05-28 15:52:07: snowicesat.preprocessing.create_gdirs: (RGI50-11.C0103) define_glacier_region_snowicesat
2019-05-28 15:52:07: snowicesat.preprocessing.create_gdirs: (RGI50-11.C0105) define_glacier_region_snowicesat
2019-05-28 15:52:07: snowicesat.preprocessing.create_gdirs: (RGI50-11.C1410) define_glacier_region_snowicesat
2019-05-28 15:52:07: snowicesat.preprocessing.create_gdirs: (RGI50-11.C1415) define_glacier_region_snowicesat
2019-05-28 15:52:07: snowicesat.preprocessing.create_gdirs: (RGI50-11.C3308) define_glacier_region_snowicesat
2019-05-28 15:52:07: snowicesat.preprocessing.create_gdirs: (RGI50-11.C4402) define_glacier_region_snowicesat
2019-05-28 15:52:07: snowicesat.preprocessing.create_gdirs: (RGI50-11.C5102) define_glacier_region_snowicesat
2019-05-28 15:52:07: snowicesat.preprocessing.create_gdirs: (RGI50-11.C8409) define_glacier_region_snowicesat
2019-05-28 15:52:07: snowicesat.preprocessing.create_gdirs: (RGI50-11.C8413) define_glacier_region_snowicesat
2019-05-28 15:52:07: snowicesat.preprocessing.create_gdirs: (RGI50-11.C8414) define_glacier_region_snowicesat
2019-05-28 15:52:07: snowicesat.preprocessing.create_gdirs: (RGI50-11.C8508) define_glacier_region_snowicesat
2019-05-28 15:52:07: snowicesat.preprocessing.create_gdirs: (RGI50-11.C8509) define_glacier_region_snowicesat
2019-05-28 15:52:07: snowicesat.preprocessing.create_gdirs: (RGI50-11.C9310n) define_glacier_region_snowicesat
2019-05-28 15:52:07: snowicesat.preprocessing.create_gdirs: (RGI50-11.C9311n) define_glacier_region_snowicesat
2019-05-28 15:52:07: snowicesat.preprocessing.create_gdirs: (RGI50-11.C9501) define_glacier_region_snowicesat
2019-05-28 15:52:07: snowicesat.preprocessing.create_gdirs: (RGI50-11.E0311n) define_glacier_region_snowicesat
2019-05-28 15:52:07: snowicesat.preprocessing.create_gdirs: (RGI50-11.E2206) define_glacier_region_snowicesat
2019-05-28 15:52:07: snowicesat.preprocessing.create_gdirs: (RGI50-11.E2210) define_glacier_region_snowicesat
2019-05-28 15:52:07: snowicesat.preprocessing.create_gdirs: (RGI50-11.E2214n) define_glacier_region_snowicesat
2019-05-28 15:52:07: snowicesat.preprocessing.create_gdirs: (RGI50-11.E2302) define_glacier_region_snowicesat
2019-05-28 15:52:07: snowicesat.preprocessing.create_gdirs: (RGI50-11.E2303) define_glacier_region_snowicesat
2019-05-28 15:52:07: snowicesat.preprocessing.create_gdirs: (RGI50-11.E2304) define_glacier_region_snowicesat
2019-05-28 15:52:07: snowicesat.preprocessing.create_gdirs: (RGI50-11.E2311) define_glacier_region_snowicesat
2019-05-28 15:52:07: snowicesat.preprocessing.create_gdirs: (RGI50-11.E2312) define_glacier_region_snowicesat
2019-05-28 15:52:07: snowicesat.preprocessing.create_gdirs: (RGI50-11.E2316) define_glacier_region_snowicesat
2019-05-28 15:52:07: snowicesat.preprocessing.create_gdirs: (RGI50-11.E2320n) define_glacier_region_snowicesat
2019-05-28 15:52:07: snowicesat.preprocessing.create_gdirs: (RGI50-11.E2501) define_glacier_region_snowicesat
2019-05-28 15:52:08: snowicesat.preprocessing.create_gdirs: (RGI50-11.E2503) define_glacier_region_snowicesat
2019-05-28 15:52:08: snowicesat.preprocessing.create_gdirs: (RGI50-11.E2507) define_glacier_region_snowicesat
2019-05-28 15:52:08: snowicesat.preprocessing.create_gdirs: (RGI50-11.E2602) define_glacier_region_snowicesat
2019-05-28 15:52:08: snowicesat.preprocessing.create_gdirs: (RGI50-11.E3202) define_glacier_region_snowicesat
2019-05-28 15:52:08: snowicesat.preprocessing.create_gdirs: (RGI50-11.E3515) define_glacier_region_snowicesat
2019-05-28 15:52:08: snowicesat.preprocessing.create_gdirs: (RGI50-11.E3517) define_glacier_region_snowicesat
2019-05-28 15:52:08: snowicesat.preprocessing.create_gdirs: (RGI50-11.E3519) define_glacier_region_snowicesat
2019-05-28 15:52:08: snowicesat.preprocessing.create_gdirs: (RGI50-11.E3526n) define_glacier_region_snowicesat
2019-05-28 15:52:08: snowicesat.preprocessing.create_gdirs: (RGI50-11.E4201) define_glacier_region_snowicesat
2019-05-28 15:52:08: snowicesat.preprocessing.create_gdirs: (RGI50-11.E4208) define_glacier_region_snowicesat
2019-05-28 15:52:08: snowicesat.preprocessing.create_gdirs: (RGI50-11.E4408n) define_glacier_region_snowicesat
2019-05-28 15:52:08: snowicesat.preprocessing.create_gdirs: (RGI50-11.E4601) define_glacier_region_snowicesat
2019-05-28 15:52:08: snowicesat.preprocessing.create_gdirs: (RGI50-11.E5401) define_glacier_region_snowicesat
2019-05-28 15:52:08: snowicesat.preprocessing.create_gdirs: (RGI50-11.A10G07-1) define_glacier_region_snowicesat
2019-05-28 15:52:08: snowicesat.preprocessing.create_gdirs: (RGI50-11.A10G12-0) define_glacier_region_snowicesat
2019-05-28 15:52:08: snowicesat.preprocessing.create_gdirs: (RGI50-11.A14P03-3) define_glacier_region_snowicesat
2019-05-28 15:52:08: snowicesat.preprocessing.create_gdirs: (RGI50-11.A15B06n-3) define_glacier_region_snowicesat
2019-05-28 15:52:08: snowicesat.preprocessing.create_gdirs: (RGI50-11.E5205-1) define_glacier_region_snowicesat
2019-05-28 15:52:08: snowicesat.preprocessing.create_gdirs: (RGI50-11.A54L10-0) define_glacier_region_snowicesat
2019-05-28 15:52:08: snowicesat.preprocessing.create_gdirs: (RGI50-11.A54L10-1) define_glacier_region_snowicesat
2019-05-28 15:52:08: snowicesat.preprocessing.create_gdirs: (RGI50-11.A54M03-2) define_glacier_region_snowicesat
2019-05-28 15:52:08: snowicesat.preprocessing.create_gdirs: (RGI50-11.A54M06-0) define_glacier_region_snowicesat
2019-05-28 15:52:08: snowicesat.preprocessing.create_gdirs: (RGI50-11.A54M15-2) define_glacier_region_snowicesat
2019-05-28 15:52:08: snowicesat.preprocessing.create_gdirs: (RGI50-11.A55B04-0) define_glacier_region_snowicesat
2019-05-28 15:52:08: snowicesat.preprocessing.create_gdirs: (RGI50-11.A55B04-1) define_glacier_region_snowicesat
2019-05-28 15:52:08: snowicesat.preprocessing.create_gdirs: (RGI50-11.A55B05-1) define_glacier_region_snowicesat
2019-05-28 15:52:08: snowicesat.preprocessing.create_gdirs: (RGI50-11.A55B08-0) define_glacier_region_snowicesat
2019-05-28 15:52:08: snowicesat.preprocessing.create_gdirs: (RGI50-11.A55B08-1) define_glacier_region_snowicesat
2019-05-28 15:52:08: snowicesat.preprocessing.create_gdirs: (RGI50-11.A55B16-1) define_glacier_region_snowicesat
2019-05-28 15:52:08: snowicesat.preprocessing.create_gdirs: (RGI50-11.A55B21n-1) define_glacier_region_snowicesat
2019-05-28 15:52:08: snowicesat.preprocessing.create_gdirs: (RGI50-11.B3002-0) define_glacier_region_snowicesat
2019-05-28 15:52:08: snowicesat.preprocessing.create_gdirs: (RGI50-11.B3114n-1) define_glacier_region_snowicesat
2019-05-28 15:52:08: snowicesat.preprocessing.create_gdirs: (RGI50-11.B3202-1) define_glacier_region_snowicesat
2019-05-28 15:52:08: snowicesat.preprocessing.create_gdirs: (RGI50-11.B3205-1) define_glacier_region_snowicesat
2019-05-28 15:52:08: snowicesat.preprocessing.create_gdirs: (RGI50-11.B3206-2) define_glacier_region_snowicesat
2019-05-28 15:52:08: snowicesat.preprocessing.create_gdirs: (RGI50-11.B3307n-1) define_glacier_region_snowicesat
2019-05-28 15:52:08: snowicesat.preprocessing.create_gdirs: (RGI50-11.B3601-0) define_glacier_region_snowicesat
2019-05-28 15:52:08: snowicesat.preprocessing.create_gdirs: (RGI50-11.B3601-1) define_glacier_region_snowicesat
2019-05-28 15:52:08: snowicesat.preprocessing.create_gdirs: (RGI50-11.B3601-2) define_glacier_region_snowicesat
2019-05-28 15:52:08: snowicesat.preprocessing.create_gdirs: (RGI50-11.B3601-3) define_glacier_region_snowicesat
2019-05-28 15:52:08: snowicesat.preprocessing.create_gdirs: (RGI50-11.B3601-6) define_glacier_region_snowicesat
2019-05-28 15:52:08: snowicesat.preprocessing.create_gdirs: (RGI50-11.B3621-0) define_glacier_region_snowicesat
2019-05-28 15:52:08: snowicesat.preprocessing.create_gdirs: (RGI50-11.B3621-1) define_glacier_region_snowicesat
2019-05-28 15:52:08: snowicesat.preprocessing.create_gdirs: (RGI50-11.B3621-2) define_glacier_region_snowicesat
2019-05-28 15:52:08: snowicesat.preprocessing.create_gdirs: (RGI50-11.B3626-0) define_glacier_region_snowicesat
2019-05-28 15:52:08: snowicesat.preprocessing.create_gdirs: (RGI50-11.B3626-1) define_glacier_region_snowicesat
2019-05-28 15:52:08: snowicesat.preprocessing.create_gdirs: (RGI50-11.B3631-0) define_glacier_region_snowicesat
2019-05-28 15:52:08: snowicesat.preprocessing.create_gdirs: (RGI50-11.B3631-1) define_glacier_region_snowicesat
2019-05-28 15:52:08: snowicesat.preprocessing.create_gdirs: (RGI50-11.B4105-0) define_glacier_region_snowicesat
2019-05-28 15:52:08: snowicesat.preprocessing.create_gdirs: (RGI50-11.B4105-2) define_glacier_region_snowicesat
2019-05-28 15:52:08: snowicesat.preprocessing.create_gdirs: (RGI50-11.B4622-0) define_glacier_region_snowicesat
2019-05-28 15:52:08: snowicesat.preprocessing.create_gdirs: (RGI50-11.B5102-0) define_glacier_region_snowicesat
2019-05-28 15:52:08: snowicesat.preprocessing.create_gdirs: (RGI50-11.B5311-1) define_glacier_region_snowicesat
2019-05-28 15:52:08: snowicesat.preprocessing.create_gdirs: (RGI50-11.B5311-2) define_glacier_region_snowicesat
2019-05-28 15:52:08: snowicesat.preprocessing.create_gdirs: (RGI50-11.B5311-3) define_glacier_region_snowicesat
2019-05-28 15:52:08: snowicesat.preprocessing.create_gdirs: (RGI50-11.B5403-0) define_glacier_region_snowicesat
2019-05-28 15:52:08: snowicesat.preprocessing.create_gdirs: (RGI50-11.B5819-2) define_glacier_region_snowicesat
2019-05-28 15:52:08: snowicesat.preprocessing.create_gdirs: (RGI50-11.B5819-3) define_glacier_region_snowicesat
2019-05-28 15:52:08: snowicesat.preprocessing.create_gdirs: (RGI50-11.B6020n-0) define_glacier_region_snowicesat
2019-05-28 15:52:08: snowicesat.preprocessing.create_gdirs: (RGI50-11.B6020n-1) define_glacier_region_snowicesat
2019-05-28 15:52:08: snowicesat.preprocessing.create_gdirs: (RGI50-11.C0107-1) define_glacier_region_snowicesat
2019-05-28 15:52:08: snowicesat.preprocessing.create_gdirs: (RGI50-11.C0109-1) define_glacier_region_snowicesat
2019-05-28 15:52:08: snowicesat.preprocessing.create_gdirs: (RGI50-11.C0110-1) define_glacier_region_snowicesat
2019-05-28 15:52:08: snowicesat.preprocessing.create_gdirs: (RGI50-11.C0202-1) define_glacier_region_snowicesat
2019-05-28 15:52:08: snowicesat.preprocessing.create_gdirs: (RGI50-11.C0204-1) define_glacier_region_snowicesat
2019-05-28 15:52:08: snowicesat.preprocessing.create_gdirs: (RGI50-11.C0206-1) define_glacier_region_snowicesat
2019-05-28 15:52:08: snowicesat.preprocessing.create_gdirs: (RGI50-11.A14F09-2) define_glacier_region_snowicesat
2019-05-28 15:52:08: snowicesat.preprocessing.create_gdirs: (RGI50-11.A14F15-3) define_glacier_region_snowicesat
2019-05-28 15:52:08: snowicesat.preprocessing.create_gdirs: (RGI50-11.A14F15-7) define_glacier_region_snowicesat
2019-05-28 15:52:08: snowicesat.preprocessing.create_gdirs: (RGI50-11.A14G07-1) define_glacier_region_snowicesat
2019-05-28 15:52:08: snowicesat.preprocessing.create_gdirs: (RGI50-11.A14G12-2) define_glacier_region_snowicesat
2019-05-28 15:52:08: snowicesat.preprocessing.create_gdirs: (RGI50-11.A14L22-1) define_glacier_region_snowicesat
2019-05-28 15:52:08: snowicesat.preprocessing.create_gdirs: (RGI50-11.A14M04-0) define_glacier_region_snowicesat
2019-05-28 15:52:08: snowicesat.preprocessing.create_gdirs: (RGI50-11.A14M05-1) define_glacier_region_snowicesat
2019-05-28 15:52:08: snowicesat.preprocessing.create_gdirs: (RGI50-11.A14M08-1) define_glacier_region_snowicesat
2019-05-28 15:52:09: snowicesat.preprocessing.create_gdirs: (RGI50-11.A14N04-1) define_glacier_region_snowicesat
2019-05-28 15:52:09: snowicesat.preprocessing.create_gdirs: (RGI50-11.A14N08-2) define_glacier_region_snowicesat
2019-05-28 15:52:09: snowicesat.preprocessing.create_gdirs: (RGI50-11.A14N10-0) define_glacier_region_snowicesat
2019-05-28 15:52:09: snowicesat.preprocessing.create_gdirs: (RGI50-11.A50H05-1) define_glacier_region_snowicesat
2019-05-28 15:52:09: snowicesat.preprocessing.create_gdirs: (RGI50-11.A50I07-1) define_glacier_region_snowicesat
2019-05-28 15:52:09: snowicesat.preprocessing.create_gdirs: (RGI50-11.A50I17-0) define_glacier_region_snowicesat
2019-05-28 15:52:09: snowicesat.preprocessing.create_gdirs: (RGI50-11.A50I17-1) define_glacier_region_snowicesat
2019-05-28 15:52:09: snowicesat.preprocessing.create_gdirs: (RGI50-11.A50I18-0) define_glacier_region_snowicesat
2019-05-28 15:52:09: snowicesat.preprocessing.create_gdirs: (RGI50-11.A50I19-4) define_glacier_region_snowicesat
2019-05-28 15:52:09: snowicesat.preprocessing.create_gdirs: (RGI50-11.A50I20-2) define_glacier_region_snowicesat
2019-05-28 15:52:09: snowicesat.preprocessing.create_gdirs: (RGI50-11.A50I24n-1) define_glacier_region_snowicesat
2019-05-28 15:52:09: snowicesat.preprocessing.create_gdirs: (RGI50-11.A50J06-1) define_glacier_region_snowicesat
2019-05-28 15:52:09: snowicesat.preprocessing.create_gdirs: (RGI50-11.A50J13-1) define_glacier_region_snowicesat
2019-05-28 15:52:09: snowicesat.preprocessing.create_gdirs: (RGI50-11.A50K04-0) define_glacier_region_snowicesat
2019-05-28 15:52:09: snowicesat.preprocessing.create_gdirs: (RGI50-11.A50K04-1) define_glacier_region_snowicesat
2019-05-28 15:52:09: snowicesat.preprocessing.create_gdirs: (RGI50-11.A51C01-0) define_glacier_region_snowicesat
2019-05-28 15:52:09: snowicesat.preprocessing.create_gdirs: (RGI50-11.A51C01-1) define_glacier_region_snowicesat
2019-05-28 15:52:09: snowicesat.preprocessing.create_gdirs: (RGI50-11.A51C02-2) define_glacier_region_snowicesat
2019-05-28 15:52:09: snowicesat.preprocessing.create_gdirs: (RGI50-11.A51D04-2) define_glacier_region_snowicesat
2019-05-28 15:52:09: snowicesat.preprocessing.create_gdirs: (RGI50-11.A51D06-1) define_glacier_region_snowicesat
2019-05-28 15:52:09: snowicesat.preprocessing.create_gdirs: (RGI50-11.A51D06-2) define_glacier_region_snowicesat
2019-05-28 15:52:09: snowicesat.preprocessing.create_gdirs: (RGI50-11.A51D08-1) define_glacier_region_snowicesat
2019-05-28 15:52:09: snowicesat.preprocessing.create_gdirs: (RGI50-11.A51D13-0) define_glacier_region_snowicesat
2019-05-28 15:52:09: snowicesat.preprocessing.create_gdirs: (RGI50-11.A51E06-2) define_glacier_region_snowicesat
2019-05-28 15:52:09: snowicesat.preprocessing.create_gdirs: (RGI50-11.A51E37-1) define_glacier_region_snowicesat
2019-05-28 15:52:09: snowicesat.preprocessing.create_gdirs: (RGI50-11.A51F10-0) define_glacier_region_snowicesat
2019-05-28 15:52:09: snowicesat.preprocessing.create_gdirs: (RGI50-11.A51F10-1) define_glacier_region_snowicesat
2019-05-28 15:52:09: snowicesat.preprocessing.create_gdirs: (RGI50-11.A51F32-0) define_glacier_region_snowicesat
2019-05-28 15:52:09: snowicesat.preprocessing.create_gdirs: (RGI50-11.A51F32-1) define_glacier_region_snowicesat
2019-05-28 15:52:09: snowicesat.preprocessing.create_gdirs: (RGI50-11.A51F50-1) define_glacier_region_snowicesat
2019-05-28 15:52:09: snowicesat.preprocessing.create_gdirs: (RGI50-11.A51F52-1) define_glacier_region_snowicesat
2019-05-28 15:52:09: snowicesat.preprocessing.create_gdirs: (RGI50-11.A51G09-2) define_glacier_region_snowicesat
2019-05-28 15:52:09: snowicesat.preprocessing.create_gdirs: (RGI50-11.A51G12-1) define_glacier_region_snowicesat
2019-05-28 15:52:09: snowicesat.preprocessing.create_gdirs: (RGI50-11.A51G18n-0) define_glacier_region_snowicesat
2019-05-28 15:52:09: snowicesat.preprocessing.create_gdirs: (RGI50-11.A51G18n-1) define_glacier_region_snowicesat
2019-05-28 15:52:09: snowicesat.preprocessing.create_gdirs: (RGI50-11.A51H11-1) define_glacier_region_snowicesat
2019-05-28 15:52:09: snowicesat.preprocessing.create_gdirs: (RGI50-11.A54E01-1) define_glacier_region_snowicesat
2019-05-28 15:52:09: snowicesat.preprocessing.create_gdirs: (RGI50-11.A54E15-1) define_glacier_region_snowicesat
2019-05-28 15:52:09: snowicesat.preprocessing.create_gdirs: (RGI50-11.A54F06-1) define_glacier_region_snowicesat
2019-05-28 15:52:09: snowicesat.preprocessing.create_gdirs: (RGI50-11.A54F11-2) define_glacier_region_snowicesat
2019-05-28 15:52:09: snowicesat.preprocessing.create_gdirs: (RGI50-11.A54H04-1) define_glacier_region_snowicesat
2019-05-28 15:52:09: snowicesat.preprocessing.create_gdirs: (RGI50-11.A54H07-1) define_glacier_region_snowicesat
2019-05-28 15:52:09: snowicesat.preprocessing.create_gdirs: (RGI50-11.A54I05-0) define_glacier_region_snowicesat
2019-05-28 15:52:09: snowicesat.preprocessing.create_gdirs: (RGI50-11.A54I05-1) define_glacier_region_snowicesat
2019-05-28 15:52:09: snowicesat.preprocessing.create_gdirs: (RGI50-11.A54I10-0) define_glacier_region_snowicesat
2019-05-28 15:52:09: snowicesat.preprocessing.create_gdirs: (RGI50-11.A54I10-1) define_glacier_region_snowicesat
2019-05-28 15:52:09: snowicesat.preprocessing.create_gdirs: (RGI50-11.A55C05-0) define_glacier_region_snowicesat
2019-05-28 15:52:09: snowicesat.preprocessing.create_gdirs: (RGI50-11.A55C05-1) define_glacier_region_snowicesat
2019-05-28 15:52:09: snowicesat.preprocessing.create_gdirs: (RGI50-11.A55C07-1) define_glacier_region_snowicesat
2019-05-28 15:52:09: snowicesat.preprocessing.create_gdirs: (RGI50-11.A55C13-1) define_glacier_region_snowicesat
2019-05-28 15:52:09: snowicesat.preprocessing.create_gdirs: (RGI50-11.A56D01-1) define_glacier_region_snowicesat
2019-05-28 15:52:09: snowicesat.preprocessing.create_gdirs: (RGI50-11.A56D04-0) define_glacier_region_snowicesat
2019-05-28 15:52:09: snowicesat.preprocessing.create_gdirs: (RGI50-11.A56D04-1) define_glacier_region_snowicesat
2019-05-28 15:52:09: snowicesat.preprocessing.create_gdirs: (RGI50-11.B1605-1) define_glacier_region_snowicesat
2019-05-28 15:52:09: snowicesat.preprocessing.create_gdirs: (RGI50-11.B2105-0) define_glacier_region_snowicesat
2019-05-28 15:52:09: snowicesat.preprocessing.create_gdirs: (RGI50-11.B2204-1) define_glacier_region_snowicesat
2019-05-28 15:52:09: snowicesat.preprocessing.create_gdirs: (RGI50-11.B4312n-0) define_glacier_region_snowicesat
2019-05-28 15:52:09: snowicesat.preprocessing.create_gdirs: (RGI50-11.B4312n-1) define_glacier_region_snowicesat
2019-05-28 15:52:09: snowicesat.preprocessing.create_gdirs: (RGI50-11.B5631n-2) define_glacier_region_snowicesat
2019-05-28 15:52:09: snowicesat.preprocessing.create_gdirs: (RGI50-11.B5702-1) define_glacier_region_snowicesat
2019-05-28 15:52:09: snowicesat.preprocessing.create_gdirs: (RGI50-11.B5705-0) define_glacier_region_snowicesat
2019-05-28 15:52:09: snowicesat.preprocessing.create_gdirs: (RGI50-11.B5705-1) define_glacier_region_snowicesat
2019-05-28 15:52:09: snowicesat.preprocessing.create_gdirs: (RGI50-11.B5714-2) define_glacier_region_snowicesat
2019-05-28 15:52:09: snowicesat.preprocessing.create_gdirs: (RGI50-11.B5716-1) define_glacier_region_snowicesat
2019-05-28 15:52:09: snowicesat.preprocessing.create_gdirs: (RGI50-11.B5719-1) define_glacier_region_snowicesat
2019-05-28 15:52:09: snowicesat.preprocessing.create_gdirs: (RGI50-11.B5808-1) define_glacier_region_snowicesat
2019-05-28 15:52:09: snowicesat.preprocessing.create_gdirs: (RGI50-11.B5808-2) define_glacier_region_snowicesat
2019-05-28 15:52:09: snowicesat.preprocessing.create_gdirs: (RGI50-11.B6208-0) define_glacier_region_snowicesat
2019-05-28 15:52:09: snowicesat.preprocessing.create_gdirs: (RGI50-11.B6208-1) define_glacier_region_snowicesat
2019-05-28 15:52:09: snowicesat.preprocessing.create_gdirs: (RGI50-11.B6213n-1) define_glacier_region_snowicesat
2019-05-28 15:52:09: snowicesat.preprocessing.create_gdirs: (RGI50-11.B6305-3) define_glacier_region_snowicesat
2019-05-28 15:52:09: snowicesat.preprocessing.create_gdirs: (RGI50-11.B6402-0) define_glacier_region_snowicesat
2019-05-28 15:52:09: snowicesat.preprocessing.create_gdirs: (RGI50-11.B6402-2) define_glacier_region_snowicesat
2019-05-28 15:52:09: snowicesat.preprocessing.create_gdirs: (RGI50-11.B7215-0) define_glacier_region_snowicesat
2019-05-28 15:52:10: snowicesat.preprocessing.create_gdirs: (RGI50-11.B7215-1) define_glacier_region_snowicesat
2019-05-28 15:52:10: snowicesat.preprocessing.create_gdirs: (RGI50-11.B7307-4) define_glacier_region_snowicesat
2019-05-28 15:52:10: snowicesat.preprocessing.create_gdirs: (RGI50-11.B7312-0) define_glacier_region_snowicesat
2019-05-28 15:52:10: snowicesat.preprocessing.create_gdirs: (RGI50-11.B7312-1) define_glacier_region_snowicesat
2019-05-28 15:52:10: snowicesat.preprocessing.create_gdirs: (RGI50-11.B7312-2) define_glacier_region_snowicesat
2019-05-28 15:52:10: snowicesat.preprocessing.create_gdirs: (RGI50-11.B7314-1) define_glacier_region_snowicesat
2019-05-28 15:52:10: snowicesat.preprocessing.create_gdirs: (RGI50-11.B7408-1) define_glacier_region_snowicesat
2019-05-28 15:52:10: snowicesat.preprocessing.create_gdirs: (RGI50-11.B7411-1) define_glacier_region_snowicesat
2019-05-28 15:52:10: snowicesat.preprocessing.create_gdirs: (RGI50-11.B7411-3) define_glacier_region_snowicesat
2019-05-28 15:52:10: snowicesat.preprocessing.create_gdirs: (RGI50-11.B7411-4) define_glacier_region_snowicesat
2019-05-28 15:52:10: snowicesat.preprocessing.create_gdirs: (RGI50-11.B7413-1) define_glacier_region_snowicesat
2019-05-28 15:52:10: snowicesat.preprocessing.create_gdirs: (RGI50-11.B7415-5) define_glacier_region_snowicesat
2019-05-28 15:52:10: snowicesat.preprocessing.create_gdirs: (RGI50-11.B8219-1) define_glacier_region_snowicesat
2019-05-28 15:52:10: snowicesat.preprocessing.create_gdirs: (RGI50-11.B8219-4) define_glacier_region_snowicesat
2019-05-28 15:52:10: snowicesat.preprocessing.create_gdirs: (RGI50-11.B8223-0) define_glacier_region_snowicesat
2019-05-28 15:52:10: snowicesat.preprocessing.create_gdirs: (RGI50-11.B8230-1) define_glacier_region_snowicesat
2019-05-28 15:52:10: snowicesat.preprocessing.create_gdirs: (RGI50-11.B8233-0) define_glacier_region_snowicesat
2019-05-28 15:52:10: snowicesat.preprocessing.create_gdirs: (RGI50-11.B8233-1) define_glacier_region_snowicesat
2019-05-28 15:52:10: snowicesat.preprocessing.create_gdirs: (RGI50-11.B8236-1) define_glacier_region_snowicesat
2019-05-28 15:52:10: snowicesat.preprocessing.create_gdirs: (RGI50-11.B8241-0) define_glacier_region_snowicesat
2019-05-28 15:52:10: snowicesat.preprocessing.create_gdirs: (RGI50-11.B8241-1) define_glacier_region_snowicesat
2019-05-28 15:52:10: snowicesat.preprocessing.create_gdirs: (RGI50-11.B8241-2) define_glacier_region_snowicesat
2019-05-28 15:52:10: snowicesat.preprocessing.create_gdirs: (RGI50-11.B8251n-1) define_glacier_region_snowicesat
2019-05-28 15:52:10: snowicesat.preprocessing.create_gdirs: (RGI50-11.B8251n-3) define_glacier_region_snowicesat
2019-05-28 15:52:10: snowicesat.preprocessing.create_gdirs: (RGI50-11.B8251n-5) define_glacier_region_snowicesat
2019-05-28 15:52:10: snowicesat.preprocessing.create_gdirs: (RGI50-11.B8305-2) define_glacier_region_snowicesat
2019-05-28 15:52:10: snowicesat.preprocessing.create_gdirs: (RGI50-11.B8417-1) define_glacier_region_snowicesat
2019-05-28 15:52:10: snowicesat.preprocessing.create_gdirs: (RGI50-11.B8507-1) define_glacier_region_snowicesat
2019-05-28 15:52:10: snowicesat.preprocessing.create_gdirs: (RGI50-11.B8507-2) define_glacier_region_snowicesat
2019-05-28 15:52:10: snowicesat.preprocessing.create_gdirs: (RGI50-11.B8511-1) define_glacier_region_snowicesat
2019-05-28 15:52:10: snowicesat.preprocessing.create_gdirs: (RGI50-11.B8529n-3) define_glacier_region_snowicesat
2019-05-28 15:52:10: snowicesat.preprocessing.create_gdirs: (RGI50-11.B9203-1) define_glacier_region_snowicesat
2019-05-28 15:52:10: snowicesat.preprocessing.create_gdirs: (RGI50-11.B9306-1) define_glacier_region_snowicesat
2019-05-28 15:52:10: snowicesat.preprocessing.create_gdirs: (RGI50-11.A12D03-2) define_glacier_region_snowicesat
2019-05-28 15:52:10: snowicesat.preprocessing.create_gdirs: (RGI50-11.A12E04-0) define_glacier_region_snowicesat
2019-05-28 15:52:10: snowicesat.preprocessing.create_gdirs: (RGI50-11.A12E04-1) define_glacier_region_snowicesat
2019-05-28 15:52:10: snowicesat.preprocessing.create_gdirs: (RGI50-11.A12I03-0) define_glacier_region_snowicesat
2019-05-28 15:52:10: snowicesat.preprocessing.create_gdirs: (RGI50-11.A13I02-0) define_glacier_region_snowicesat
2019-05-28 15:52:10: snowicesat.preprocessing.create_gdirs: (RGI50-11.A13I02-1) define_glacier_region_snowicesat
2019-05-28 15:52:10: snowicesat.preprocessing.create_gdirs: (RGI50-11.A13J02-1) define_glacier_region_snowicesat
2019-05-28 15:52:10: snowicesat.preprocessing.create_gdirs: (RGI50-11.A13L04-1) define_glacier_region_snowicesat
2019-05-28 15:52:10: snowicesat.preprocessing.create_gdirs: (RGI50-11.A13L04-2) define_glacier_region_snowicesat
2019-05-28 15:52:10: snowicesat.preprocessing.create_gdirs: (RGI50-11.A13N04-1) define_glacier_region_snowicesat
2019-05-28 15:52:10: snowicesat.preprocessing.create_gdirs: (RGI50-11.A13N04-2) define_glacier_region_snowicesat
2019-05-28 15:52:10: snowicesat.preprocessing.create_gdirs: (RGI50-11.A13N06-1) define_glacier_region_snowicesat
2019-05-28 15:52:10: snowicesat.preprocessing.create_gdirs: (RGI50-11.A13N06-2) define_glacier_region_snowicesat
2019-05-28 15:52:10: snowicesat.preprocessing.create_gdirs: (RGI50-11.A14C03-1) define_glacier_region_snowicesat
2019-05-28 15:52:10: snowicesat.preprocessing.create_gdirs: (RGI50-11.A14D17-1) define_glacier_region_snowicesat
2019-05-28 15:52:10: snowicesat.preprocessing.create_gdirs: (RGI50-11.A51E20-3) define_glacier_region_snowicesat
2019-05-28 15:52:10: snowicesat.preprocessing.create_gdirs: (RGI50-11.A51E56n-1) define_glacier_region_snowicesat
2019-05-28 15:52:10: snowicesat.preprocessing.create_gdirs: (RGI50-11.A54G03-1) define_glacier_region_snowicesat
2019-05-28 15:52:10: snowicesat.preprocessing.create_gdirs: (RGI50-11.A54G11-0) define_glacier_region_snowicesat
2019-05-28 15:52:10: snowicesat.preprocessing.create_gdirs: (RGI50-11.A54G11-1) define_glacier_region_snowicesat
2019-05-28 15:52:10: snowicesat.preprocessing.create_gdirs: (RGI50-11.A54G11-2) define_glacier_region_snowicesat
2019-05-28 15:52:10: snowicesat.preprocessing.create_gdirs: (RGI50-11.A54L03-1) define_glacier_region_snowicesat
2019-05-28 15:52:10: snowicesat.preprocessing.create_gdirs: (RGI50-11.B4607-1) define_glacier_region_snowicesat
2019-05-28 15:52:10: snowicesat.preprocessing.create_gdirs: (RGI50-11.B5113-0) define_glacier_region_snowicesat
2019-05-28 15:52:10: snowicesat.preprocessing.create_gdirs: (RGI50-11.B5113-1) define_glacier_region_snowicesat
2019-05-28 15:52:10: snowicesat.preprocessing.create_gdirs: (RGI50-11.B5114-0) define_glacier_region_snowicesat
2019-05-28 15:52:10: snowicesat.preprocessing.create_gdirs: (RGI50-11.B5233-0) define_glacier_region_snowicesat
2019-05-28 15:52:10: snowicesat.preprocessing.create_gdirs: (RGI50-11.B5264n-0) define_glacier_region_snowicesat
2019-05-28 15:52:10: snowicesat.preprocessing.create_gdirs: (RGI50-11.B5307-1) define_glacier_region_snowicesat
2019-05-28 15:52:10: snowicesat.preprocessing.create_gdirs: (RGI50-11.B5504-1) define_glacier_region_snowicesat
2019-05-28 15:52:10: snowicesat.preprocessing.create_gdirs: (RGI50-11.B5504-2) define_glacier_region_snowicesat
2019-05-28 15:52:10: snowicesat.preprocessing.create_gdirs: (RGI50-11.B5518-0) define_glacier_region_snowicesat
2019-05-28 15:52:10: snowicesat.preprocessing.create_gdirs: (RGI50-11.B5519-0) define_glacier_region_snowicesat
2019-05-28 15:52:10: snowicesat.preprocessing.create_gdirs: (RGI50-11.B5519-1) define_glacier_region_snowicesat
2019-05-28 15:52:10: snowicesat.preprocessing.create_gdirs: (RGI50-11.B5533n-1) define_glacier_region_snowicesat
2019-05-28 15:52:10: snowicesat.preprocessing.create_gdirs: (RGI50-11.B5604-2) define_glacier_region_snowicesat
2019-05-28 15:52:10: snowicesat.preprocessing.create_gdirs: (RGI50-11.B5616n-0) define_glacier_region_snowicesat
2019-05-28 15:52:10: snowicesat.preprocessing.create_gdirs: (RGI50-11.B5616n-1) define_glacier_region_snowicesat
2019-05-28 15:52:10: snowicesat.preprocessing.create_gdirs: (RGI50-11.C0008-0) define_glacier_region_snowicesat
2019-05-28 15:52:10: snowicesat.preprocessing.create_gdirs: (RGI50-11.C1411-1) define_glacier_region_snowicesat
2019-05-28 15:52:11: snowicesat.preprocessing.create_gdirs: (RGI50-11.C1417-1) define_glacier_region_snowicesat
2019-05-28 15:52:11: snowicesat.preprocessing.create_gdirs: (RGI50-11.C3202-2) define_glacier_region_snowicesat
2019-05-28 15:52:11: snowicesat.preprocessing.create_gdirs: (RGI50-11.C3401-1) define_glacier_region_snowicesat
2019-05-28 15:52:11: snowicesat.preprocessing.create_gdirs: (RGI50-11.C4503-1) define_glacier_region_snowicesat
2019-05-28 15:52:11: snowicesat.preprocessing.create_gdirs: (RGI50-11.C8312-1) define_glacier_region_snowicesat
2019-05-28 15:52:11: snowicesat.preprocessing.create_gdirs: (RGI50-11.C8312-3) define_glacier_region_snowicesat
2019-05-28 15:52:11: snowicesat.preprocessing.create_gdirs: (RGI50-11.C8416-0) define_glacier_region_snowicesat
2019-05-28 15:52:11: snowicesat.preprocessing.create_gdirs: (RGI50-11.C8416-1) define_glacier_region_snowicesat
2019-05-28 15:52:11: snowicesat.preprocessing.create_gdirs: (RGI50-11.C8506-0) define_glacier_region_snowicesat
2019-05-28 15:52:11: snowicesat.preprocessing.create_gdirs: (RGI50-11.C8506-1) define_glacier_region_snowicesat
2019-05-28 15:52:11: snowicesat.preprocessing.create_gdirs: (RGI50-11.E2203-0) define_glacier_region_snowicesat
2019-05-28 15:52:11: snowicesat.preprocessing.create_gdirs: (RGI50-11.E2203-1) define_glacier_region_snowicesat
2019-05-28 15:52:11: snowicesat.preprocessing.create_gdirs: (RGI50-11.E2306-0) define_glacier_region_snowicesat
2019-05-28 15:52:11: snowicesat.preprocessing.create_gdirs: (RGI50-11.E2306-1) define_glacier_region_snowicesat
2019-05-28 15:52:11: snowicesat.preprocessing.create_gdirs: (RGI50-11.E2306-2) define_glacier_region_snowicesat
2019-05-28 15:52:11: snowicesat.preprocessing.create_gdirs: (RGI50-11.E2306-3) define_glacier_region_snowicesat
2019-05-28 15:52:11: snowicesat.preprocessing.create_gdirs: (RGI50-11.E2306-4) define_glacier_region_snowicesat
2019-05-28 15:52:11: snowicesat.preprocessing.create_gdirs: (RGI50-11.E2317-1) define_glacier_region_snowicesat
2019-05-28 15:52:11: snowicesat.preprocessing.create_gdirs: (RGI50-11.E2504-0) define_glacier_region_snowicesat
2019-05-28 15:52:11: snowicesat.preprocessing.create_gdirs: (RGI50-11.E2504-1) define_glacier_region_snowicesat
2019-05-28 15:52:11: snowicesat.preprocessing.create_gdirs: (RGI50-11.E2506-1) define_glacier_region_snowicesat
2019-05-28 15:52:11: snowicesat.preprocessing.create_gdirs: (RGI50-11.E2506-2) define_glacier_region_snowicesat
2019-05-28 15:52:11: snowicesat.preprocessing.create_gdirs: (RGI50-11.E2601-0) define_glacier_region_snowicesat
2019-05-28 15:52:11: snowicesat.preprocessing.create_gdirs: (RGI50-11.E2601-1) define_glacier_region_snowicesat
2019-05-28 15:52:11: snowicesat.preprocessing.create_gdirs: (RGI50-11.E4210-1) define_glacier_region_snowicesat
2019-05-28 15:52:11: snowicesat.preprocessing.create_gdirs: (RGI50-11.E4508-0) define_glacier_region_snowicesat
2019-05-28 15:52:11: snowicesat.preprocessing.create_gdirs: (RGI50-11.E4508-1) define_glacier_region_snowicesat
2019-05-28 15:52:12: sentinelsat.SentinelAPI: Found 0 products
2019-05-28 15:52:14: sentinelsat.SentinelAPI: Found 11 products
2019-05-28 15:52:15: oggm.workflow: Execute entity task crop_satdata_to_glacier on 668 glaciers
2019-05-28 15:52:15: snowicesat.preprocessing.geometric_preprocessing: (RGI50-11.A10G05) crop_satdata_to_glacier
2019-05-28 15:52:15: snowicesat.preprocessing.geometric_preprocessing: (RGI50-11.A10G24n) crop_satdata_to_glacier
2019-05-28 15:52:16: snowicesat.preprocessing.geometric_preprocessing: (RGI50-11.A14P01) crop_satdata_to_glacier
2019-05-28 15:52:16: snowicesat.preprocessing.geometric_preprocessing: (RGI50-11.A15B05) crop_satdata_to_glacier
2019-05-28 15:52:16: snowicesat.preprocessing.geometric_preprocessing: (RGI50-11.A50H01) crop_satdata_to_glacier
2019-05-28 15:52:17: snowicesat.preprocessing.geometric_preprocessing: (RGI50-11.E5002) crop_satdata_to_glacier
2019-05-28 15:52:17: snowicesat.preprocessing.geometric_preprocessing: (RGI50-11.E5006) crop_satdata_to_glacier
2019-05-28 15:52:18: snowicesat.preprocessing.geometric_preprocessing: (RGI50-11.E5007) crop_satdata_to_glacier
2019-05-28 15:52:18: snowicesat.preprocessing.geometric_preprocessing: (RGI50-11.E5103) crop_satdata_to_glacier
2019-05-28 15:52:19: snowicesat.preprocessing.geometric_preprocessing: (RGI50-11.E5106) crop_satdata_to_glacier
2019-05-28 15:52:19: snowicesat.preprocessing.geometric_preprocessing: (RGI50-11.E5202) crop_satdata_to_glacier
2019-05-28 15:52:19: snowicesat.preprocessing.geometric_preprocessing: (RGI50-11.E5203) crop_satdata_to_glacier
2019-05-28 15:52:20: snowicesat.preprocessing.geometric_preprocessing: (RGI50-11.A54G04) crop_satdata_to_glacier
2019-05-28 15:52:20: snowicesat.preprocessing.geometric_preprocessing: (RGI50-11.A54G08) crop_satdata_to_glacier
2019-05-28 15:52:21: snowicesat.preprocessing.geometric_preprocessing: (RGI50-11.A54G10) crop_satdata_to_glacier
2019-05-28 15:52:21: snowicesat.preprocessing.geometric_preprocessing: (RGI50-11.A54G14) crop_satdata_to_glacier
2019-05-28 15:52:21: snowicesat.preprocessing.geometric_preprocessing: (RGI50-11.A54G16) crop_satdata_to_glacier
2019-05-28 15:52:22: snowicesat.preprocessing.geometric_preprocessing: (RGI50-11.A54G18) crop_satdata_to_glacier
2019-05-28 15:52:22: snowicesat.preprocessing.geometric_preprocessing: (RGI50-11.A54G52n) crop_satdata_to_glacier
2019-05-28 15:52:23: snowicesat.preprocessing.geometric_preprocessing: (RGI50-11.A54L11) crop_satdata_to_glacier
2019-05-28 15:52:23: snowicesat.preprocessing.geometric_preprocessing: (RGI50-11.A54L14) crop_satdata_to_glacier
2019-05-28 15:52:23: snowicesat.preprocessing.geometric_preprocessing: (RGI50-11.A54L28n) crop_satdata_to_glacier
2019-05-28 15:52:24: snowicesat.preprocessing.geometric_preprocessing: (RGI50-11.A54L31n) crop_satdata_to_glacier
2019-05-28 15:52:25: snowicesat.preprocessing.geometric_preprocessing: (RGI50-11.A54L32n) crop_satdata_to_glacier
2019-05-28 15:52:25: snowicesat.preprocessing.geometric_preprocessing: (RGI50-11.A54L35n) crop_satdata_to_glacier
2019-05-28 15:52:25: snowicesat.preprocessing.geometric_preprocessing: (RGI50-11.A54L36n) crop_satdata_to_glacier
2019-05-28 15:52:26: snowicesat.preprocessing.geometric_preprocessing: (RGI50-11.A54L38n) crop_satdata_to_glacier
2019-05-28 15:52:27: snowicesat.preprocessing.geometric_preprocessing: (RGI50-11.A54M05) crop_satdata_to_glacier
2019-05-28 15:52:27: snowicesat.preprocessing.geometric_preprocessing: (RGI50-11.A54M07) crop_satdata_to_glacier
2019-05-28 15:52:27: snowicesat.preprocessing.geometric_preprocessing: (RGI50-11.A54M10) crop_satdata_to_glacier
2019-05-28 15:52:28: snowicesat.preprocessing.geometric_preprocessing: (RGI50-11.A54M12) crop_satdata_to_glacier
2019-05-28 15:52:28: snowicesat.preprocessing.geometric_preprocessing: (RGI50-11.A54M13) crop_satdata_to_glacier
2019-05-28 15:52:29: snowicesat.preprocessing.geometric_preprocessing: (RGI50-11.A54M16) crop_satdata_to_glacier
