\BOOKMARK [1][-]{section.1}{Introduction}{}% 1
\BOOKMARK [2][-]{subsection.1.1}{Motivation}{section.1}% 2
\BOOKMARK [2][-]{subsection.1.2}{Spectral Reflectance of Snow and Ice}{section.1}% 3
\BOOKMARK [1][-]{section.2}{Current State of Reseach in ihe Field}{}% 4
\BOOKMARK [2][-]{subsection.2.1}{General Research on Classification of Snow on Glaciers}{section.2}% 5
\BOOKMARK [2][-]{subsection.2.2}{ASMAG Algorithm by Rastner2017}{section.2}% 6
\BOOKMARK [2][-]{subsection.2.3}{Algorithm by Naegeli2018}{section.2}% 7
\BOOKMARK [1][-]{section.3}{Methodology and Current State of own Research}{}% 8
\BOOKMARK [2][-]{subsection.3.1}{Sensor and Data}{section.3}% 9
\BOOKMARK [3][-]{subsubsection.3.1.1}{Sentinel-2 Data}{subsection.3.1}% 10
\BOOKMARK [3][-]{subsubsection.3.1.2}{Data Retrieval}{subsection.3.1}% 11
\BOOKMARK [3][-]{subsubsection.3.1.3}{Processing Levels and Data Formats}{subsection.3.1}% 12
\BOOKMARK [2][-]{subsection.3.2}{Preprocessing}{section.3}% 13
\BOOKMARK [3][-]{subsubsection.3.2.1}{Glacier Mask}{subsection.3.2}% 14
\BOOKMARK [3][-]{subsubsection.3.2.2}{Terrain Correction}{subsection.3.2}% 15
\BOOKMARK [3][-]{subsubsection.3.2.3}{Cloud Mask}{subsection.3.2}% 16
\BOOKMARK [3][-]{subsubsection.3.2.4}{Alternative Approaches for Preprocessing}{subsection.3.2}% 17
\BOOKMARK [2][-]{subsection.3.3}{Testing of Algorithms}{section.3}% 18
\BOOKMARK [2][-]{subsection.3.4}{Results}{section.3}% 19
\BOOKMARK [3][-]{subsubsection.3.4.1}{Discussion of potential shortcomings}{subsection.3.4}% 20
\BOOKMARK [1][-]{section.4}{Goal of the Thesis}{}% 21
\BOOKMARK [2][-]{subsection.4.1}{Part 1: Creating an Automated Object-Oriented Programming Framework}{section.4}% 22
\BOOKMARK [2][-]{subsection.4.2}{Part 2: Validation of the Algorithms}{section.4}% 23
\BOOKMARK [2][-]{subsection.4.3}{Part 3: Analysis of Spatio-Temporal Variability of the Snow Cover}{section.4}% 24
\BOOKMARK [1][-]{section.5}{Timeplan}{}% 25
\BOOKMARK [1][-]{section.6}{Impact/Conclusion}{}% 26
